2017-06-05 09:50:10 [ INFO] com.iflytek.msp.cpdb.lfasr.worker.UploadWorker.upload(UploadWorker.java:88) - prepare ok
2017-06-05 09:50:10 [ INFO] com.iflytek.msp.cpdb.lfasr.worker.UploadWorker.upload(UploadWorker.java:92) - get task_id:c9d93babcede4c8ca8e729a01668404e
2017-06-05 09:50:10 [ INFO] com.iflytek.msp.cpdb.lfasr.worker.UploadWorker.metaPersistency(UploadWorker.java:138) - write meta info success, store file:E:\20170511 Voice Samples\resources\/c9d93babcede4c8ca8e729a01668404e.dat
2017-06-05 09:50:29 [ INFO] com.iflytek.msp.cpdb.lfasr.worker.UploadThread.run(UploadThread.java:43) - upload file send success, file:E:\20170511 Voice Samples\resources\ceshi.wav, task_id:c9d93babcede4c8ca8e729a01668404e
2017-06-05 09:50:30 [ INFO] com.iflytek.msp.cpdb.lfasr.event.EventHandler$ProcessorThread.run(EventHandler.java:131) - task_id:c9d93babcede4c8ca8e729a01668404e send meger success, 
2017-06-05 14:50:06 [ INFO] com.iflytek.msp.cpdb.lfasr.worker.UploadWorker.upload(UploadWorker.java:88) - prepare ok
2017-06-05 14:50:06 [ INFO] com.iflytek.msp.cpdb.lfasr.worker.UploadWorker.upload(UploadWorker.java:92) - get task_id:7f68a882e0de461ea97fc2e3e864313c
2017-06-05 14:50:06 [ INFO] com.iflytek.msp.cpdb.lfasr.worker.UploadWorker.metaPersistency(UploadWorker.java:138) - write meta info success, store file:E:\/7f68a882e0de461ea97fc2e3e864313c.dat
2017-06-05 14:50:09 [ INFO] com.iflytek.msp.cpdb.lfasr.worker.UploadThread.run(UploadThread.java:43) - upload file send success, file:E:\20170511 Voice Samples\resources\ceshi.wav, task_id:7f68a882e0de461ea97fc2e3e864313c
2017-06-05 14:50:10 [ INFO] com.iflytek.msp.cpdb.lfasr.event.EventHandler$ProcessorThread.run(EventHandler.java:131) - task_id:7f68a882e0de461ea97fc2e3e864313c send meger success, 
2017-06-14 15:45:37 [ INFO] com.iflytek.msp.cpdb.lfasr.worker.UploadWorker.upload(UploadWorker.java:91) - prepare ok
2017-06-14 15:45:37 [ INFO] com.iflytek.msp.cpdb.lfasr.worker.UploadWorker.upload(UploadWorker.java:95) - get task_id:49c4fdd5b727472d9aca68b90f38926d
2017-06-14 15:45:37 [ INFO] com.iflytek.msp.cpdb.lfasr.worker.UploadWorker.metaPersistency(UploadWorker.java:141) - write meta info success, store file:E:\/49c4fdd5b727472d9aca68b90f38926d.dat
2017-06-14 15:45:40 [ INFO] com.iflytek.msp.cpdb.lfasr.worker.UploadThread.run(UploadThread.java:43) - upload file send success, file:E:\20170511 Voice Samples\resources\ceshi.wav, task_id:49c4fdd5b727472d9aca68b90f38926d
2017-06-14 15:45:41 [ INFO] com.iflytek.msp.cpdb.lfasr.event.EventHandler$ProcessorThread.run(EventHandler.java:131) - task_id:49c4fdd5b727472d9aca68b90f38926d send meger success, 
2017-06-14 15:49:06 [ INFO] com.iflytek.msp.cpdb.lfasr.worker.UploadWorker.upload(UploadWorker.java:91) - prepare ok
2017-06-14 15:49:06 [ INFO] com.iflytek.msp.cpdb.lfasr.worker.UploadWorker.upload(UploadWorker.java:95) - get task_id:96f1f886a86e4403add7006d2113f6e1
2017-06-14 15:49:06 [ INFO] com.iflytek.msp.cpdb.lfasr.worker.UploadWorker.metaPersistency(UploadWorker.java:141) - write meta info success, store file:E:\/96f1f886a86e4403add7006d2113f6e1.dat
2017-06-14 15:49:10 [ INFO] com.iflytek.msp.cpdb.lfasr.worker.UploadThread.run(UploadThread.java:43) - upload file send success, file:E:\20170511 Voice Samples\resources\ceshi.wav, task_id:96f1f886a86e4403add7006d2113f6e1
2017-06-14 15:49:11 [ INFO] com.iflytek.msp.cpdb.lfasr.event.EventHandler$ProcessorThread.run(EventHandler.java:131) - task_id:96f1f886a86e4403add7006d2113f6e1 send meger success, 
2017-06-14 15:49:34 [ INFO] com.iflytek.msp.cpdb.lfasr.worker.UploadWorker.upload(UploadWorker.java:91) - prepare ok
2017-06-14 15:49:34 [ INFO] com.iflytek.msp.cpdb.lfasr.worker.UploadWorker.upload(UploadWorker.java:95) - get task_id:1e36df6f542649359ca0db21c65f3c93
2017-06-14 15:49:34 [ INFO] com.iflytek.msp.cpdb.lfasr.worker.UploadWorker.metaPersistency(UploadWorker.java:141) - write meta info success, store file:E:\/1e36df6f542649359ca0db21c65f3c93.dat
2017-06-14 15:49:37 [ INFO] com.iflytek.msp.cpdb.lfasr.worker.UploadThread.run(UploadThread.java:43) - upload file send success, file:E:\20170511 Voice Samples\resources\ceshi.wav, task_id:1e36df6f542649359ca0db21c65f3c93
2017-06-14 15:49:38 [ INFO] com.iflytek.msp.cpdb.lfasr.event.EventHandler$ProcessorThread.run(EventHandler.java:131) - task_id:1e36df6f542649359ca0db21c65f3c93 send meger success, 
2017-06-14 15:50:19 [ INFO] com.iflytek.msp.cpdb.lfasr.worker.UploadWorker.upload(UploadWorker.java:91) - prepare ok
2017-06-14 15:50:19 [ INFO] com.iflytek.msp.cpdb.lfasr.worker.UploadWorker.upload(UploadWorker.java:95) - get task_id:2ca3431d99e44834b910892a71053728
2017-06-14 15:50:19 [ INFO] com.iflytek.msp.cpdb.lfasr.worker.UploadWorker.metaPersistency(UploadWorker.java:141) - write meta info success, store file:E:\/2ca3431d99e44834b910892a71053728.dat
2017-06-14 15:50:23 [ INFO] com.iflytek.msp.cpdb.lfasr.worker.UploadThread.run(UploadThread.java:43) - upload file send success, file:E:\20170511 Voice Samples\resources\ceshi.wav, task_id:2ca3431d99e44834b910892a71053728
2017-06-14 15:50:24 [ INFO] com.iflytek.msp.cpdb.lfasr.event.EventHandler$ProcessorThread.run(EventHandler.java:131) - task_id:2ca3431d99e44834b910892a71053728 send meger success, 
2017-06-14 15:54:09 [ INFO] com.iflytek.msp.cpdb.lfasr.worker.UploadWorker.upload(UploadWorker.java:91) - prepare ok
2017-06-14 15:54:09 [ INFO] com.iflytek.msp.cpdb.lfasr.worker.UploadWorker.upload(UploadWorker.java:95) - get task_id:067f84798cd54e4abd3c0d3471d3af4d
2017-06-14 15:54:09 [ INFO] com.iflytek.msp.cpdb.lfasr.worker.UploadWorker.metaPersistency(UploadWorker.java:141) - write meta info success, store file:E:\/067f84798cd54e4abd3c0d3471d3af4d.dat
2017-06-14 15:54:16 [ INFO] com.iflytek.msp.cpdb.lfasr.worker.UploadThread.run(UploadThread.java:43) - upload file send success, file:E:\20170511 Voice Samples\resources\ceshi.wav, task_id:067f84798cd54e4abd3c0d3471d3af4d
2017-06-14 15:54:18 [ INFO] com.iflytek.msp.cpdb.lfasr.event.EventHandler$ProcessorThread.run(EventHandler.java:131) - task_id:067f84798cd54e4abd3c0d3471d3af4d send meger success, 
2017-06-14 15:55:30 [ INFO] com.iflytek.msp.cpdb.lfasr.worker.UploadWorker.upload(UploadWorker.java:91) - prepare ok
2017-06-14 15:55:30 [ INFO] com.iflytek.msp.cpdb.lfasr.worker.UploadWorker.upload(UploadWorker.java:95) - get task_id:cefc5b6663fb419ca9ae1e90c3abe68c
2017-06-14 15:55:31 [ INFO] com.iflytek.msp.cpdb.lfasr.worker.UploadWorker.metaPersistency(UploadWorker.java:141) - write meta info success, store file:E:\/cefc5b6663fb419ca9ae1e90c3abe68c.dat
2017-06-14 15:55:34 [ INFO] com.iflytek.msp.cpdb.lfasr.worker.UploadThread.run(UploadThread.java:43) - upload file send success, file:E:\20170511 Voice Samples\resources\ceshi.wav, task_id:cefc5b6663fb419ca9ae1e90c3abe68c
2017-06-14 15:55:35 [ INFO] com.iflytek.msp.cpdb.lfasr.event.EventHandler$ProcessorThread.run(EventHandler.java:131) - task_id:cefc5b6663fb419ca9ae1e90c3abe68c send meger success, 
2018-01-10 00:34:40 [ERROR] com.iflytek.msp.cpdb.lfasr.client.LfasrClientImp.<init>(LfasrClientImp.java:108) - [COMPENT]-CLIENT [PROCESS]-LfasrClientImp [ID]- [STATUS]- [MEASURE]-(-1) ms [DEF]-{"ok":"-1", "err_no":"26105", "failed":"转写配置文件store_path错误，或目录不可读写!", "data":""}
2018-01-10 00:37:54 [ERROR] com.iflytek.msp.cpdb.lfasr.client.LfasrClientImp.<init>(LfasrClientImp.java:108) - [COMPENT]-CLIENT [PROCESS]-LfasrClientImp [ID]- [STATUS]- [MEASURE]-(-1) ms [DEF]-{"ok":"-1", "err_no":"26105", "failed":"转写配置文件store_path错误，或目录不可读写!", "data":""}
2018-01-10 00:39:06 [ERROR] com.iflytek.msp.cpdb.lfasr.client.LfasrClientImp.<init>(LfasrClientImp.java:108) - [COMPENT]-CLIENT [PROCESS]-LfasrClientImp [ID]- [STATUS]- [MEASURE]-(-1) ms [DEF]-{"ok":"-1", "err_no":"26105", "failed":"转写配置文件store_path错误，或目录不可读写!", "data":""}
2018-01-10 00:49:24 [ERROR] com.iflytek.msp.cpdb.lfasr.client.LfasrClientImp.<init>(LfasrClientImp.java:108) - [COMPENT]-CLIENT [PROCESS]-LfasrClientImp [ID]- [STATUS]- [MEASURE]-(-1) ms [DEF]-{"ok":"-1", "err_no":"26105", "failed":"转写配置文件store_path错误，或目录不可读写!", "data":""}
2018-01-10 00:52:10 [ERROR] com.iflytek.msp.cpdb.lfasr.client.LfasrClientImp.<init>(LfasrClientImp.java:108) - [COMPENT]-CLIENT [PROCESS]-LfasrClientImp [ID]- [STATUS]- [MEASURE]-(-1) ms [DEF]-{"ok":"-1", "err_no":"26105", "failed":"转写配置文件store_path错误，或目录不可读写!", "data":""}
2018-01-10 00:59:10 [ INFO] com.iflytek.msp.cpdb.lfasr.worker.UploadWorker.upload(UploadWorker.java:100) - [COMPENT]-CLIENT [PROCESS]-UploadWorker [ID]-null [STATUS]- [MEASURE]-(-1) ms [DEF]-prepare ok
2018-01-10 00:59:10 [ INFO] com.iflytek.msp.cpdb.lfasr.worker.UploadWorker.upload(UploadWorker.java:104) - [COMPENT]-CLIENT [PROCESS]-UploadWorker [ID]-4fdca312e186426481ae2a63c7e2e5e5 [STATUS]- [MEASURE]-(-1) ms [DEF]-get task_id:%s4fdca312e186426481ae2a63c7e2e5e5
2018-01-10 00:59:10 [ INFO] com.iflytek.msp.cpdb.lfasr.worker.UploadWorker.metaPersistency(UploadWorker.java:152) - [COMPENT]-CLIENT [PROCESS]-UploadWorker [ID]-4fdca312e186426481ae2a63c7e2e5e5 [STATUS]- [MEASURE]-(-1) ms [DEF]-write meta info success, store file:/Users/franer/Desktop//4fdca312e186426481ae2a63c7e2e5e5.dat
2018-01-10 00:59:10 [ INFO] com.iflytek.msp.cpdb.lfasr.event.EventHandler.isSendAll(EventHandler.java:183) - [COMPENT]-CLIENT [PROCESS]-EventHandler [ID]- [STATUS]- [MEASURE]-(-1) ms [DEF]-upload file 0/57
2018-01-10 00:59:10 [ INFO] com.iflytek.msp.cpdb.lfasr.event.EventHandler.isSendAll(EventHandler.java:183) - [COMPENT]-CLIENT [PROCESS]-EventHandler [ID]- [STATUS]- [MEASURE]-(-1) ms [DEF]-upload file 0/57
2018-01-10 00:59:11 [ INFO] com.iflytek.msp.cpdb.lfasr.event.EventHandler.isSendAll(EventHandler.java:183) - [COMPENT]-CLIENT [PROCESS]-EventHandler [ID]- [STATUS]- [MEASURE]-(-1) ms [DEF]-upload file 0/57
2018-01-10 00:59:11 [ INFO] com.iflytek.msp.cpdb.lfasr.event.EventHandler.isSendAll(EventHandler.java:183) - [COMPENT]-CLIENT [PROCESS]-EventHandler [ID]- [STATUS]- [MEASURE]-(-1) ms [DEF]-upload file 0/57
2018-01-10 00:59:12 [ INFO] com.iflytek.msp.cpdb.lfasr.event.EventHandler.isSendAll(EventHandler.java:183) - [COMPENT]-CLIENT [PROCESS]-EventHandler [ID]- [STATUS]- [MEASURE]-(-1) ms [DEF]-upload file 3/57
2018-01-10 00:59:12 [ INFO] com.iflytek.msp.cpdb.lfasr.event.EventHandler.isSendAll(EventHandler.java:183) - [COMPENT]-CLIENT [PROCESS]-EventHandler [ID]- [STATUS]- [MEASURE]-(-1) ms [DEF]-upload file 4/57
2018-01-10 00:59:13 [ INFO] com.iflytek.msp.cpdb.lfasr.event.EventHandler.isSendAll(EventHandler.java:183) - [COMPENT]-CLIENT [PROCESS]-EventHandler [ID]- [STATUS]- [MEASURE]-(-1) ms [DEF]-upload file 6/57
2018-01-10 00:59:13 [ INFO] com.iflytek.msp.cpdb.lfasr.event.EventHandler.isSendAll(EventHandler.java:183) - [COMPENT]-CLIENT [PROCESS]-EventHandler [ID]- [STATUS]- [MEASURE]-(-1) ms [DEF]-upload file 7/57
2018-01-10 00:59:14 [ INFO] com.iflytek.msp.cpdb.lfasr.event.EventHandler.isSendAll(EventHandler.java:183) - [COMPENT]-CLIENT [PROCESS]-EventHandler [ID]- [STATUS]- [MEASURE]-(-1) ms [DEF]-upload file 8/57
2018-01-10 00:59:14 [ INFO] com.iflytek.msp.cpdb.lfasr.event.EventHandler.isSendAll(EventHandler.java:183) - [COMPENT]-CLIENT [PROCESS]-EventHandler [ID]- [STATUS]- [MEASURE]-(-1) ms [DEF]-upload file 9/57
2018-01-10 00:59:15 [ INFO] com.iflytek.msp.cpdb.lfasr.event.EventHandler.isSendAll(EventHandler.java:183) - [COMPENT]-CLIENT [PROCESS]-EventHandler [ID]- [STATUS]- [MEASURE]-(-1) ms [DEF]-upload file 10/57
2018-01-10 00:59:15 [ INFO] com.iflytek.msp.cpdb.lfasr.event.EventHandler.isSendAll(EventHandler.java:183) - [COMPENT]-CLIENT [PROCESS]-EventHandler [ID]- [STATUS]- [MEASURE]-(-1) ms [DEF]-upload file 13/57
2018-01-10 00:59:16 [ INFO] com.iflytek.msp.cpdb.lfasr.event.EventHandler.isSendAll(EventHandler.java:183) - [COMPENT]-CLIENT [PROCESS]-EventHandler [ID]- [STATUS]- [MEASURE]-(-1) ms [DEF]-upload file 15/57
2018-01-10 00:59:16 [ INFO] com.iflytek.msp.cpdb.lfasr.event.EventHandler.isSendAll(EventHandler.java:183) - [COMPENT]-CLIENT [PROCESS]-EventHandler [ID]- [STATUS]- [MEASURE]-(-1) ms [DEF]-upload file 15/57
2018-01-10 00:59:17 [ INFO] com.iflytek.msp.cpdb.lfasr.event.EventHandler.isSendAll(EventHandler.java:183) - [COMPENT]-CLIENT [PROCESS]-EventHandler [ID]- [STATUS]- [MEASURE]-(-1) ms [DEF]-upload file 17/57
2018-01-10 00:59:17 [ INFO] com.iflytek.msp.cpdb.lfasr.event.EventHandler.isSendAll(EventHandler.java:183) - [COMPENT]-CLIENT [PROCESS]-EventHandler [ID]- [STATUS]- [MEASURE]-(-1) ms [DEF]-upload file 20/57
2018-01-10 00:59:18 [ INFO] com.iflytek.msp.cpdb.lfasr.event.EventHandler.isSendAll(EventHandler.java:183) - [COMPENT]-CLIENT [PROCESS]-EventHandler [ID]- [STATUS]- [MEASURE]-(-1) ms [DEF]-upload file 20/57
2018-01-10 00:59:18 [ INFO] com.iflytek.msp.cpdb.lfasr.event.EventHandler.isSendAll(EventHandler.java:183) - [COMPENT]-CLIENT [PROCESS]-EventHandler [ID]- [STATUS]- [MEASURE]-(-1) ms [DEF]-upload file 20/57
2018-01-10 00:59:19 [ INFO] com.iflytek.msp.cpdb.lfasr.event.EventHandler.isSendAll(EventHandler.java:183) - [COMPENT]-CLIENT [PROCESS]-EventHandler [ID]- [STATUS]- [MEASURE]-(-1) ms [DEF]-upload file 23/57
2018-01-10 00:59:19 [ INFO] com.iflytek.msp.cpdb.lfasr.event.EventHandler.isSendAll(EventHandler.java:183) - [COMPENT]-CLIENT [PROCESS]-EventHandler [ID]- [STATUS]- [MEASURE]-(-1) ms [DEF]-upload file 25/57
2018-01-10 00:59:20 [ INFO] com.iflytek.msp.cpdb.lfasr.event.EventHandler.isSendAll(EventHandler.java:183) - [COMPENT]-CLIENT [PROCESS]-EventHandler [ID]- [STATUS]- [MEASURE]-(-1) ms [DEF]-upload file 25/57
2018-01-10 00:59:20 [ INFO] com.iflytek.msp.cpdb.lfasr.event.EventHandler.isSendAll(EventHandler.java:183) - [COMPENT]-CLIENT [PROCESS]-EventHandler [ID]- [STATUS]- [MEASURE]-(-1) ms [DEF]-upload file 28/57
2018-01-10 00:59:21 [ INFO] com.iflytek.msp.cpdb.lfasr.event.EventHandler.isSendAll(EventHandler.java:183) - [COMPENT]-CLIENT [PROCESS]-EventHandler [ID]- [STATUS]- [MEASURE]-(-1) ms [DEF]-upload file 30/57
2018-01-10 00:59:21 [ INFO] com.iflytek.msp.cpdb.lfasr.event.EventHandler.isSendAll(EventHandler.java:183) - [COMPENT]-CLIENT [PROCESS]-EventHandler [ID]- [STATUS]- [MEASURE]-(-1) ms [DEF]-upload file 30/57
2018-01-10 00:59:22 [ INFO] com.iflytek.msp.cpdb.lfasr.event.EventHandler.isSendAll(EventHandler.java:183) - [COMPENT]-CLIENT [PROCESS]-EventHandler [ID]- [STATUS]- [MEASURE]-(-1) ms [DEF]-upload file 31/57
2018-01-10 00:59:22 [ INFO] com.iflytek.msp.cpdb.lfasr.event.EventHandler.isSendAll(EventHandler.java:183) - [COMPENT]-CLIENT [PROCESS]-EventHandler [ID]- [STATUS]- [MEASURE]-(-1) ms [DEF]-upload file 32/57
2018-01-10 00:59:23 [ INFO] com.iflytek.msp.cpdb.lfasr.event.EventHandler.isSendAll(EventHandler.java:183) - [COMPENT]-CLIENT [PROCESS]-EventHandler [ID]- [STATUS]- [MEASURE]-(-1) ms [DEF]-upload file 33/57
2018-01-10 00:59:23 [ INFO] com.iflytek.msp.cpdb.lfasr.event.EventHandler.isSendAll(EventHandler.java:183) - [COMPENT]-CLIENT [PROCESS]-EventHandler [ID]- [STATUS]- [MEASURE]-(-1) ms [DEF]-upload file 35/57
2018-01-10 00:59:24 [ INFO] com.iflytek.msp.cpdb.lfasr.event.EventHandler.isSendAll(EventHandler.java:183) - [COMPENT]-CLIENT [PROCESS]-EventHandler [ID]- [STATUS]- [MEASURE]-(-1) ms [DEF]-upload file 38/57
2018-01-10 00:59:24 [ INFO] com.iflytek.msp.cpdb.lfasr.event.EventHandler.isSendAll(EventHandler.java:183) - [COMPENT]-CLIENT [PROCESS]-EventHandler [ID]- [STATUS]- [MEASURE]-(-1) ms [DEF]-upload file 40/57
2018-01-10 00:59:25 [ INFO] com.iflytek.msp.cpdb.lfasr.event.EventHandler.isSendAll(EventHandler.java:183) - [COMPENT]-CLIENT [PROCESS]-EventHandler [ID]- [STATUS]- [MEASURE]-(-1) ms [DEF]-upload file 40/57
2018-01-10 00:59:25 [ INFO] com.iflytek.msp.cpdb.lfasr.event.EventHandler.isSendAll(EventHandler.java:183) - [COMPENT]-CLIENT [PROCESS]-EventHandler [ID]- [STATUS]- [MEASURE]-(-1) ms [DEF]-upload file 43/57
2018-01-10 00:59:26 [ INFO] com.iflytek.msp.cpdb.lfasr.event.EventHandler.isSendAll(EventHandler.java:183) - [COMPENT]-CLIENT [PROCESS]-EventHandler [ID]- [STATUS]- [MEASURE]-(-1) ms [DEF]-upload file 45/57
2018-01-10 00:59:26 [ INFO] com.iflytek.msp.cpdb.lfasr.event.EventHandler.isSendAll(EventHandler.java:183) - [COMPENT]-CLIENT [PROCESS]-EventHandler [ID]- [STATUS]- [MEASURE]-(-1) ms [DEF]-upload file 46/57
2018-01-10 00:59:27 [ INFO] com.iflytek.msp.cpdb.lfasr.event.EventHandler.isSendAll(EventHandler.java:183) - [COMPENT]-CLIENT [PROCESS]-EventHandler [ID]- [STATUS]- [MEASURE]-(-1) ms [DEF]-upload file 46/57
2018-01-10 00:59:27 [ INFO] com.iflytek.msp.cpdb.lfasr.event.EventHandler.isSendAll(EventHandler.java:183) - [COMPENT]-CLIENT [PROCESS]-EventHandler [ID]- [STATUS]- [MEASURE]-(-1) ms [DEF]-upload file 46/57
2018-01-10 00:59:28 [ INFO] com.iflytek.msp.cpdb.lfasr.event.EventHandler.isSendAll(EventHandler.java:183) - [COMPENT]-CLIENT [PROCESS]-EventHandler [ID]- [STATUS]- [MEASURE]-(-1) ms [DEF]-upload file 47/57
2018-01-10 00:59:29 [ INFO] com.iflytek.msp.cpdb.lfasr.event.EventHandler.isSendAll(EventHandler.java:183) - [COMPENT]-CLIENT [PROCESS]-EventHandler [ID]- [STATUS]- [MEASURE]-(-1) ms [DEF]-upload file 50/57
2018-01-10 00:59:29 [ INFO] com.iflytek.msp.cpdb.lfasr.event.EventHandler.isSendAll(EventHandler.java:183) - [COMPENT]-CLIENT [PROCESS]-EventHandler [ID]- [STATUS]- [MEASURE]-(-1) ms [DEF]-upload file 55/57
2018-01-10 00:59:30 [ INFO] com.iflytek.msp.cpdb.lfasr.event.EventHandler.isSendAll(EventHandler.java:183) - [COMPENT]-CLIENT [PROCESS]-EventHandler [ID]- [STATUS]- [MEASURE]-(-1) ms [DEF]-upload file 57/57
2018-01-10 00:59:30 [ INFO] com.iflytek.msp.cpdb.lfasr.worker.UploadThread.run(UploadThread.java:43) - [COMPENT]-CLIENT [PROCESS]-UploadThread [ID]-4fdca312e186426481ae2a63c7e2e5e5 [STATUS]- [MEASURE]-(-1) ms [DEF]-upload file send success, file:/Users/franer/Desktop/luyin1.MP3, task_id:4fdca312e186426481ae2a63c7e2e5e5
2018-01-10 00:59:31 [ INFO] com.iflytek.msp.cpdb.lfasr.event.EventHandler$ProcessorThread.run(EventHandler.java:137) - [COMPENT]-CLIENT [PROCESS]-EventHandler [ID]-4fdca312e186426481ae2a63c7e2e5e5 [STATUS]- [MEASURE]-(-1) ms [DEF]-send meger success
2018-01-10 01:01:34 [ INFO] com.iflytek.msp.cpdb.lfasr.worker.UploadWorker.upload(UploadWorker.java:100) - [COMPENT]-CLIENT [PROCESS]-UploadWorker [ID]-null [STATUS]- [MEASURE]-(-1) ms [DEF]-prepare ok
2018-01-10 01:01:34 [ INFO] com.iflytek.msp.cpdb.lfasr.worker.UploadWorker.upload(UploadWorker.java:104) - [COMPENT]-CLIENT [PROCESS]-UploadWorker [ID]-2a0d7b279390442180b0308fe74b47f8 [STATUS]- [MEASURE]-(-1) ms [DEF]-get task_id:%s2a0d7b279390442180b0308fe74b47f8
2018-01-10 01:01:34 [ INFO] com.iflytek.msp.cpdb.lfasr.worker.UploadWorker.metaPersistency(UploadWorker.java:152) - [COMPENT]-CLIENT [PROCESS]-UploadWorker [ID]-2a0d7b279390442180b0308fe74b47f8 [STATUS]- [MEASURE]-(-1) ms [DEF]-write meta info success, store file:/Users/franer/Desktop/2a0d7b279390442180b0308fe74b47f8.dat
2018-01-10 01:01:34 [ INFO] com.iflytek.msp.cpdb.lfasr.event.EventHandler.isSendAll(EventHandler.java:183) - [COMPENT]-CLIENT [PROCESS]-EventHandler [ID]- [STATUS]- [MEASURE]-(-1) ms [DEF]-upload file 0/57
2018-01-10 01:01:34 [ INFO] com.iflytek.msp.cpdb.lfasr.event.EventHandler.isSendAll(EventHandler.java:183) - [COMPENT]-CLIENT [PROCESS]-EventHandler [ID]- [STATUS]- [MEASURE]-(-1) ms [DEF]-upload file 0/57
2018-01-10 01:01:35 [ INFO] com.iflytek.msp.cpdb.lfasr.event.EventHandler.isSendAll(EventHandler.java:183) - [COMPENT]-CLIENT [PROCESS]-EventHandler [ID]- [STATUS]- [MEASURE]-(-1) ms [DEF]-upload file 3/57
2018-01-10 01:01:35 [ INFO] com.iflytek.msp.cpdb.lfasr.event.EventHandler.isSendAll(EventHandler.java:183) - [COMPENT]-CLIENT [PROCESS]-EventHandler [ID]- [STATUS]- [MEASURE]-(-1) ms [DEF]-upload file 3/57
2018-01-10 01:01:36 [ INFO] com.iflytek.msp.cpdb.lfasr.event.EventHandler.isSendAll(EventHandler.java:183) - [COMPENT]-CLIENT [PROCESS]-EventHandler [ID]- [STATUS]- [MEASURE]-(-1) ms [DEF]-upload file 4/57
2018-01-10 01:01:36 [ INFO] com.iflytek.msp.cpdb.lfasr.event.EventHandler.isSendAll(EventHandler.java:183) - [COMPENT]-CLIENT [PROCESS]-EventHandler [ID]- [STATUS]- [MEASURE]-(-1) ms [DEF]-upload file 4/57
2018-01-10 01:01:37 [ INFO] com.iflytek.msp.cpdb.lfasr.event.EventHandler.isSendAll(EventHandler.java:183) - [COMPENT]-CLIENT [PROCESS]-EventHandler [ID]- [STATUS]- [MEASURE]-(-1) ms [DEF]-upload file 5/57
2018-01-10 01:01:37 [ INFO] com.iflytek.msp.cpdb.lfasr.event.EventHandler.isSendAll(EventHandler.java:183) - [COMPENT]-CLIENT [PROCESS]-EventHandler [ID]- [STATUS]- [MEASURE]-(-1) ms [DEF]-upload file 6/57
2018-01-10 01:01:38 [ INFO] com.iflytek.msp.cpdb.lfasr.event.EventHandler.isSendAll(EventHandler.java:183) - [COMPENT]-CLIENT [PROCESS]-EventHandler [ID]- [STATUS]- [MEASURE]-(-1) ms [DEF]-upload file 8/57
2018-01-10 01:01:38 [ INFO] com.iflytek.msp.cpdb.lfasr.event.EventHandler.isSendAll(EventHandler.java:183) - [COMPENT]-CLIENT [PROCESS]-EventHandler [ID]- [STATUS]- [MEASURE]-(-1) ms [DEF]-upload file 9/57
2018-01-10 01:01:39 [ INFO] com.iflytek.msp.cpdb.lfasr.event.EventHandler.isSendAll(EventHandler.java:183) - [COMPENT]-CLIENT [PROCESS]-EventHandler [ID]- [STATUS]- [MEASURE]-(-1) ms [DEF]-upload file 11/57
2018-01-10 01:01:39 [ INFO] com.iflytek.msp.cpdb.lfasr.event.EventHandler.isSendAll(EventHandler.java:183) - [COMPENT]-CLIENT [PROCESS]-EventHandler [ID]- [STATUS]- [MEASURE]-(-1) ms [DEF]-upload file 12/57
2018-01-10 01:01:40 [ INFO] com.iflytek.msp.cpdb.lfasr.event.EventHandler.isSendAll(EventHandler.java:183) - [COMPENT]-CLIENT [PROCESS]-EventHandler [ID]- [STATUS]- [MEASURE]-(-1) ms [DEF]-upload file 12/57
2018-01-10 01:01:40 [ INFO] com.iflytek.msp.cpdb.lfasr.event.EventHandler.isSendAll(EventHandler.java:183) - [COMPENT]-CLIENT [PROCESS]-EventHandler [ID]- [STATUS]- [MEASURE]-(-1) ms [DEF]-upload file 14/57
2018-01-10 01:01:41 [ INFO] com.iflytek.msp.cpdb.lfasr.event.EventHandler.isSendAll(EventHandler.java:183) - [COMPENT]-CLIENT [PROCESS]-EventHandler [ID]- [STATUS]- [MEASURE]-(-1) ms [DEF]-upload file 18/57
2018-01-10 01:01:41 [ INFO] com.iflytek.msp.cpdb.lfasr.event.EventHandler.isSendAll(EventHandler.java:183) - [COMPENT]-CLIENT [PROCESS]-EventHandler [ID]- [STATUS]- [MEASURE]-(-1) ms [DEF]-upload file 19/57
2018-01-10 01:01:42 [ INFO] com.iflytek.msp.cpdb.lfasr.event.EventHandler.isSendAll(EventHandler.java:183) - [COMPENT]-CLIENT [PROCESS]-EventHandler [ID]- [STATUS]- [MEASURE]-(-1) ms [DEF]-upload file 21/57
2018-01-10 01:01:42 [ INFO] com.iflytek.msp.cpdb.lfasr.event.EventHandler.isSendAll(EventHandler.java:183) - [COMPENT]-CLIENT [PROCESS]-EventHandler [ID]- [STATUS]- [MEASURE]-(-1) ms [DEF]-upload file 22/57
2018-01-10 01:01:43 [ INFO] com.iflytek.msp.cpdb.lfasr.event.EventHandler.isSendAll(EventHandler.java:183) - [COMPENT]-CLIENT [PROCESS]-EventHandler [ID]- [STATUS]- [MEASURE]-(-1) ms [DEF]-upload file 23/57
2018-01-10 01:01:43 [ INFO] com.iflytek.msp.cpdb.lfasr.event.EventHandler.isSendAll(EventHandler.java:183) - [COMPENT]-CLIENT [PROCESS]-EventHandler [ID]- [STATUS]- [MEASURE]-(-1) ms [DEF]-upload file 26/57
2018-01-10 01:01:44 [ INFO] com.iflytek.msp.cpdb.lfasr.event.EventHandler.isSendAll(EventHandler.java:183) - [COMPENT]-CLIENT [PROCESS]-EventHandler [ID]- [STATUS]- [MEASURE]-(-1) ms [DEF]-upload file 26/57
2018-01-10 01:01:44 [ INFO] com.iflytek.msp.cpdb.lfasr.event.EventHandler.isSendAll(EventHandler.java:183) - [COMPENT]-CLIENT [PROCESS]-EventHandler [ID]- [STATUS]- [MEASURE]-(-1) ms [DEF]-upload file 29/57
2018-01-10 01:01:45 [ INFO] com.iflytek.msp.cpdb.lfasr.event.EventHandler.isSendAll(EventHandler.java:183) - [COMPENT]-CLIENT [PROCESS]-EventHandler [ID]- [STATUS]- [MEASURE]-(-1) ms [DEF]-upload file 29/57
2018-01-10 01:01:45 [ INFO] com.iflytek.msp.cpdb.lfasr.event.EventHandler.isSendAll(EventHandler.java:183) - [COMPENT]-CLIENT [PROCESS]-EventHandler [ID]- [STATUS]- [MEASURE]-(-1) ms [DEF]-upload file 29/57
2018-01-10 01:01:46 [ INFO] com.iflytek.msp.cpdb.lfasr.event.EventHandler.isSendAll(EventHandler.java:183) - [COMPENT]-CLIENT [PROCESS]-EventHandler [ID]- [STATUS]- [MEASURE]-(-1) ms [DEF]-upload file 31/57
2018-01-10 01:01:46 [ INFO] com.iflytek.msp.cpdb.lfasr.event.EventHandler.isSendAll(EventHandler.java:183) - [COMPENT]-CLIENT [PROCESS]-EventHandler [ID]- [STATUS]- [MEASURE]-(-1) ms [DEF]-upload file 35/57
2018-01-10 01:01:47 [ INFO] com.iflytek.msp.cpdb.lfasr.event.EventHandler.isSendAll(EventHandler.java:183) - [COMPENT]-CLIENT [PROCESS]-EventHandler [ID]- [STATUS]- [MEASURE]-(-1) ms [DEF]-upload file 35/57
2018-01-10 01:01:47 [ INFO] com.iflytek.msp.cpdb.lfasr.event.EventHandler.isSendAll(EventHandler.java:183) - [COMPENT]-CLIENT [PROCESS]-EventHandler [ID]- [STATUS]- [MEASURE]-(-1) ms [DEF]-upload file 35/57
2018-01-10 01:01:48 [ INFO] com.iflytek.msp.cpdb.lfasr.event.EventHandler.isSendAll(EventHandler.java:183) - [COMPENT]-CLIENT [PROCESS]-EventHandler [ID]- [STATUS]- [MEASURE]-(-1) ms [DEF]-upload file 38/57
2018-01-10 01:01:48 [ INFO] com.iflytek.msp.cpdb.lfasr.event.EventHandler.isSendAll(EventHandler.java:183) - [COMPENT]-CLIENT [PROCESS]-EventHandler [ID]- [STATUS]- [MEASURE]-(-1) ms [DEF]-upload file 41/57
2018-01-10 01:01:49 [ INFO] com.iflytek.msp.cpdb.lfasr.event.EventHandler.isSendAll(EventHandler.java:183) - [COMPENT]-CLIENT [PROCESS]-EventHandler [ID]- [STATUS]- [MEASURE]-(-1) ms [DEF]-upload file 41/57
2018-01-10 01:01:49 [ INFO] com.iflytek.msp.cpdb.lfasr.event.EventHandler.isSendAll(EventHandler.java:183) - [COMPENT]-CLIENT [PROCESS]-EventHandler [ID]- [STATUS]- [MEASURE]-(-1) ms [DEF]-upload file 42/57
2018-01-10 01:01:50 [ INFO] com.iflytek.msp.cpdb.lfasr.event.EventHandler.isSendAll(EventHandler.java:183) - [COMPENT]-CLIENT [PROCESS]-EventHandler [ID]- [STATUS]- [MEASURE]-(-1) ms [DEF]-upload file 43/57
2018-01-10 01:01:50 [ INFO] com.iflytek.msp.cpdb.lfasr.event.EventHandler.isSendAll(EventHandler.java:183) - [COMPENT]-CLIENT [PROCESS]-EventHandler [ID]- [STATUS]- [MEASURE]-(-1) ms [DEF]-upload file 44/57
2018-01-10 01:01:51 [ INFO] com.iflytek.msp.cpdb.lfasr.event.EventHandler.isSendAll(EventHandler.java:183) - [COMPENT]-CLIENT [PROCESS]-EventHandler [ID]- [STATUS]- [MEASURE]-(-1) ms [DEF]-upload file 45/57
2018-01-10 01:01:51 [ INFO] com.iflytek.msp.cpdb.lfasr.event.EventHandler.isSendAll(EventHandler.java:183) - [COMPENT]-CLIENT [PROCESS]-EventHandler [ID]- [STATUS]- [MEASURE]-(-1) ms [DEF]-upload file 45/57
2018-01-10 01:01:52 [ INFO] com.iflytek.msp.cpdb.lfasr.event.EventHandler.isSendAll(EventHandler.java:183) - [COMPENT]-CLIENT [PROCESS]-EventHandler [ID]- [STATUS]- [MEASURE]-(-1) ms [DEF]-upload file 51/57
2018-01-10 01:01:52 [ INFO] com.iflytek.msp.cpdb.lfasr.event.EventHandler.isSendAll(EventHandler.java:183) - [COMPENT]-CLIENT [PROCESS]-EventHandler [ID]- [STATUS]- [MEASURE]-(-1) ms [DEF]-upload file 53/57
2018-01-10 01:01:53 [ INFO] com.iflytek.msp.cpdb.lfasr.event.EventHandler.isSendAll(EventHandler.java:183) - [COMPENT]-CLIENT [PROCESS]-EventHandler [ID]- [STATUS]- [MEASURE]-(-1) ms [DEF]-upload file 56/57
2018-01-10 01:01:53 [ INFO] com.iflytek.msp.cpdb.lfasr.event.EventHandler.isSendAll(EventHandler.java:183) - [COMPENT]-CLIENT [PROCESS]-EventHandler [ID]- [STATUS]- [MEASURE]-(-1) ms [DEF]-upload file 56/57
2018-01-10 01:01:54 [ INFO] com.iflytek.msp.cpdb.lfasr.event.EventHandler.isSendAll(EventHandler.java:183) - [COMPENT]-CLIENT [PROCESS]-EventHandler [ID]- [STATUS]- [MEASURE]-(-1) ms [DEF]-upload file 57/57
2018-01-10 01:01:54 [ INFO] com.iflytek.msp.cpdb.lfasr.worker.UploadThread.run(UploadThread.java:43) - [COMPENT]-CLIENT [PROCESS]-UploadThread [ID]-2a0d7b279390442180b0308fe74b47f8 [STATUS]- [MEASURE]-(-1) ms [DEF]-upload file send success, file:/Users/franer/Desktop/luyin1.MP3, task_id:2a0d7b279390442180b0308fe74b47f8
2018-01-10 01:01:55 [ INFO] com.iflytek.msp.cpdb.lfasr.event.EventHandler$ProcessorThread.run(EventHandler.java:137) - [COMPENT]-CLIENT [PROCESS]-EventHandler [ID]-2a0d7b279390442180b0308fe74b47f8 [STATUS]- [MEASURE]-(-1) ms [DEF]-send meger success
2018-01-10 01:03:33 [ INFO] com.iflytek.msp.cpdb.lfasr.worker.UploadWorker.upload(UploadWorker.java:100) - [COMPENT]-CLIENT [PROCESS]-UploadWorker [ID]-null [STATUS]- [MEASURE]-(-1) ms [DEF]-prepare ok
2018-01-10 01:03:33 [ INFO] com.iflytek.msp.cpdb.lfasr.worker.UploadWorker.upload(UploadWorker.java:104) - [COMPENT]-CLIENT [PROCESS]-UploadWorker [ID]-3ca0a1f35eca4813bf07f046c42e8b2d [STATUS]- [MEASURE]-(-1) ms [DEF]-get task_id:%s3ca0a1f35eca4813bf07f046c42e8b2d
2018-01-10 01:03:33 [ INFO] com.iflytek.msp.cpdb.lfasr.worker.UploadWorker.metaPersistency(UploadWorker.java:152) - [COMPENT]-CLIENT [PROCESS]-UploadWorker [ID]-3ca0a1f35eca4813bf07f046c42e8b2d [STATUS]- [MEASURE]-(-1) ms [DEF]-write meta info success, store file:/Users/franer/Desktop/3ca0a1f35eca4813bf07f046c42e8b2d.dat
2018-01-10 01:03:33 [ INFO] com.iflytek.msp.cpdb.lfasr.event.EventHandler.isSendAll(EventHandler.java:183) - [COMPENT]-CLIENT [PROCESS]-EventHandler [ID]- [STATUS]- [MEASURE]-(-1) ms [DEF]-upload file 0/57
2018-01-10 01:03:34 [ INFO] com.iflytek.msp.cpdb.lfasr.event.EventHandler.isSendAll(EventHandler.java:183) - [COMPENT]-CLIENT [PROCESS]-EventHandler [ID]- [STATUS]- [MEASURE]-(-1) ms [DEF]-upload file 0/57
2018-01-10 01:03:34 [ INFO] com.iflytek.msp.cpdb.lfasr.event.EventHandler.isSendAll(EventHandler.java:183) - [COMPENT]-CLIENT [PROCESS]-EventHandler [ID]- [STATUS]- [MEASURE]-(-1) ms [DEF]-upload file 2/57
2018-01-10 01:03:35 [ INFO] com.iflytek.msp.cpdb.lfasr.event.EventHandler.isSendAll(EventHandler.java:183) - [COMPENT]-CLIENT [PROCESS]-EventHandler [ID]- [STATUS]- [MEASURE]-(-1) ms [DEF]-upload file 4/57
2018-01-10 01:03:35 [ INFO] com.iflytek.msp.cpdb.lfasr.event.EventHandler.isSendAll(EventHandler.java:183) - [COMPENT]-CLIENT [PROCESS]-EventHandler [ID]- [STATUS]- [MEASURE]-(-1) ms [DEF]-upload file 4/57
2018-01-10 01:03:36 [ INFO] com.iflytek.msp.cpdb.lfasr.event.EventHandler.isSendAll(EventHandler.java:183) - [COMPENT]-CLIENT [PROCESS]-EventHandler [ID]- [STATUS]- [MEASURE]-(-1) ms [DEF]-upload file 4/57
2018-01-10 01:03:36 [ INFO] com.iflytek.msp.cpdb.lfasr.event.EventHandler.isSendAll(EventHandler.java:183) - [COMPENT]-CLIENT [PROCESS]-EventHandler [ID]- [STATUS]- [MEASURE]-(-1) ms [DEF]-upload file 5/57
2018-01-10 01:03:37 [ INFO] com.iflytek.msp.cpdb.lfasr.event.EventHandler.isSendAll(EventHandler.java:183) - [COMPENT]-CLIENT [PROCESS]-EventHandler [ID]- [STATUS]- [MEASURE]-(-1) ms [DEF]-upload file 7/57
2018-01-10 01:03:37 [ INFO] com.iflytek.msp.cpdb.lfasr.event.EventHandler.isSendAll(EventHandler.java:183) - [COMPENT]-CLIENT [PROCESS]-EventHandler [ID]- [STATUS]- [MEASURE]-(-1) ms [DEF]-upload file 7/57
2018-01-10 01:03:38 [ INFO] com.iflytek.msp.cpdb.lfasr.event.EventHandler.isSendAll(EventHandler.java:183) - [COMPENT]-CLIENT [PROCESS]-EventHandler [ID]- [STATUS]- [MEASURE]-(-1) ms [DEF]-upload file 8/57
2018-01-10 01:03:38 [ INFO] com.iflytek.msp.cpdb.lfasr.event.EventHandler.isSendAll(EventHandler.java:183) - [COMPENT]-CLIENT [PROCESS]-EventHandler [ID]- [STATUS]- [MEASURE]-(-1) ms [DEF]-upload file 9/57
2018-01-10 01:03:39 [ INFO] com.iflytek.msp.cpdb.lfasr.event.EventHandler.isSendAll(EventHandler.java:183) - [COMPENT]-CLIENT [PROCESS]-EventHandler [ID]- [STATUS]- [MEASURE]-(-1) ms [DEF]-upload file 12/57
2018-01-10 01:03:39 [ INFO] com.iflytek.msp.cpdb.lfasr.event.EventHandler.isSendAll(EventHandler.java:183) - [COMPENT]-CLIENT [PROCESS]-EventHandler [ID]- [STATUS]- [MEASURE]-(-1) ms [DEF]-upload file 12/57
2018-01-10 01:03:40 [ INFO] com.iflytek.msp.cpdb.lfasr.event.EventHandler.isSendAll(EventHandler.java:183) - [COMPENT]-CLIENT [PROCESS]-EventHandler [ID]- [STATUS]- [MEASURE]-(-1) ms [DEF]-upload file 15/57
2018-01-10 01:03:40 [ INFO] com.iflytek.msp.cpdb.lfasr.event.EventHandler.isSendAll(EventHandler.java:183) - [COMPENT]-CLIENT [PROCESS]-EventHandler [ID]- [STATUS]- [MEASURE]-(-1) ms [DEF]-upload file 18/57
2018-01-10 01:03:41 [ INFO] com.iflytek.msp.cpdb.lfasr.event.EventHandler.isSendAll(EventHandler.java:183) - [COMPENT]-CLIENT [PROCESS]-EventHandler [ID]- [STATUS]- [MEASURE]-(-1) ms [DEF]-upload file 18/57
2018-01-10 01:03:41 [ INFO] com.iflytek.msp.cpdb.lfasr.event.EventHandler.isSendAll(EventHandler.java:183) - [COMPENT]-CLIENT [PROCESS]-EventHandler [ID]- [STATUS]- [MEASURE]-(-1) ms [DEF]-upload file 19/57
2018-01-10 01:03:42 [ INFO] com.iflytek.msp.cpdb.lfasr.event.EventHandler.isSendAll(EventHandler.java:183) - [COMPENT]-CLIENT [PROCESS]-EventHandler [ID]- [STATUS]- [MEASURE]-(-1) ms [DEF]-upload file 20/57
2018-01-10 01:03:42 [ INFO] com.iflytek.msp.cpdb.lfasr.event.EventHandler.isSendAll(EventHandler.java:183) - [COMPENT]-CLIENT [PROCESS]-EventHandler [ID]- [STATUS]- [MEASURE]-(-1) ms [DEF]-upload file 22/57
2018-01-10 01:03:43 [ INFO] com.iflytek.msp.cpdb.lfasr.event.EventHandler.isSendAll(EventHandler.java:183) - [COMPENT]-CLIENT [PROCESS]-EventHandler [ID]- [STATUS]- [MEASURE]-(-1) ms [DEF]-upload file 24/57
2018-01-10 01:03:43 [ INFO] com.iflytek.msp.cpdb.lfasr.event.EventHandler.isSendAll(EventHandler.java:183) - [COMPENT]-CLIENT [PROCESS]-EventHandler [ID]- [STATUS]- [MEASURE]-(-1) ms [DEF]-upload file 25/57
2018-01-10 01:03:44 [ INFO] com.iflytek.msp.cpdb.lfasr.event.EventHandler.isSendAll(EventHandler.java:183) - [COMPENT]-CLIENT [PROCESS]-EventHandler [ID]- [STATUS]- [MEASURE]-(-1) ms [DEF]-upload file 26/57
2018-01-10 01:03:44 [ INFO] com.iflytek.msp.cpdb.lfasr.event.EventHandler.isSendAll(EventHandler.java:183) - [COMPENT]-CLIENT [PROCESS]-EventHandler [ID]- [STATUS]- [MEASURE]-(-1) ms [DEF]-upload file 27/57
2018-01-10 01:03:45 [ INFO] com.iflytek.msp.cpdb.lfasr.event.EventHandler.isSendAll(EventHandler.java:183) - [COMPENT]-CLIENT [PROCESS]-EventHandler [ID]- [STATUS]- [MEASURE]-(-1) ms [DEF]-upload file 29/57
2018-01-10 01:03:45 [ INFO] com.iflytek.msp.cpdb.lfasr.event.EventHandler.isSendAll(EventHandler.java:183) - [COMPENT]-CLIENT [PROCESS]-EventHandler [ID]- [STATUS]- [MEASURE]-(-1) ms [DEF]-upload file 30/57
2018-01-10 01:03:46 [ INFO] com.iflytek.msp.cpdb.lfasr.event.EventHandler.isSendAll(EventHandler.java:183) - [COMPENT]-CLIENT [PROCESS]-EventHandler [ID]- [STATUS]- [MEASURE]-(-1) ms [DEF]-upload file 31/57
2018-01-10 01:03:46 [ INFO] com.iflytek.msp.cpdb.lfasr.event.EventHandler.isSendAll(EventHandler.java:183) - [COMPENT]-CLIENT [PROCESS]-EventHandler [ID]- [STATUS]- [MEASURE]-(-1) ms [DEF]-upload file 35/57
2018-01-10 01:03:47 [ INFO] com.iflytek.msp.cpdb.lfasr.event.EventHandler.isSendAll(EventHandler.java:183) - [COMPENT]-CLIENT [PROCESS]-EventHandler [ID]- [STATUS]- [MEASURE]-(-1) ms [DEF]-upload file 37/57
2018-01-10 01:03:47 [ INFO] com.iflytek.msp.cpdb.lfasr.event.EventHandler.isSendAll(EventHandler.java:183) - [COMPENT]-CLIENT [PROCESS]-EventHandler [ID]- [STATUS]- [MEASURE]-(-1) ms [DEF]-upload file 37/57
2018-01-10 01:03:48 [ INFO] com.iflytek.msp.cpdb.lfasr.event.EventHandler.isSendAll(EventHandler.java:183) - [COMPENT]-CLIENT [PROCESS]-EventHandler [ID]- [STATUS]- [MEASURE]-(-1) ms [DEF]-upload file 40/57
2018-01-10 01:03:48 [ INFO] com.iflytek.msp.cpdb.lfasr.event.EventHandler.isSendAll(EventHandler.java:183) - [COMPENT]-CLIENT [PROCESS]-EventHandler [ID]- [STATUS]- [MEASURE]-(-1) ms [DEF]-upload file 41/57
2018-01-10 01:03:49 [ INFO] com.iflytek.msp.cpdb.lfasr.event.EventHandler.isSendAll(EventHandler.java:183) - [COMPENT]-CLIENT [PROCESS]-EventHandler [ID]- [STATUS]- [MEASURE]-(-1) ms [DEF]-upload file 41/57
2018-01-10 01:03:49 [ INFO] com.iflytek.msp.cpdb.lfasr.event.EventHandler.isSendAll(EventHandler.java:183) - [COMPENT]-CLIENT [PROCESS]-EventHandler [ID]- [STATUS]- [MEASURE]-(-1) ms [DEF]-upload file 42/57
2018-01-10 01:03:50 [ INFO] com.iflytek.msp.cpdb.lfasr.event.EventHandler.isSendAll(EventHandler.java:183) - [COMPENT]-CLIENT [PROCESS]-EventHandler [ID]- [STATUS]- [MEASURE]-(-1) ms [DEF]-upload file 44/57
2018-01-10 01:03:50 [ INFO] com.iflytek.msp.cpdb.lfasr.event.EventHandler.isSendAll(EventHandler.java:183) - [COMPENT]-CLIENT [PROCESS]-EventHandler [ID]- [STATUS]- [MEASURE]-(-1) ms [DEF]-upload file 45/57
2018-01-10 01:03:51 [ INFO] com.iflytek.msp.cpdb.lfasr.event.EventHandler.isSendAll(EventHandler.java:183) - [COMPENT]-CLIENT [PROCESS]-EventHandler [ID]- [STATUS]- [MEASURE]-(-1) ms [DEF]-upload file 49/57
2018-01-10 01:03:51 [ INFO] com.iflytek.msp.cpdb.lfasr.event.EventHandler.isSendAll(EventHandler.java:183) - [COMPENT]-CLIENT [PROCESS]-EventHandler [ID]- [STATUS]- [MEASURE]-(-1) ms [DEF]-upload file 50/57
2018-01-10 01:03:52 [ INFO] com.iflytek.msp.cpdb.lfasr.event.EventHandler.isSendAll(EventHandler.java:183) - [COMPENT]-CLIENT [PROCESS]-EventHandler [ID]- [STATUS]- [MEASURE]-(-1) ms [DEF]-upload file 53/57
2018-01-10 01:03:52 [ INFO] com.iflytek.msp.cpdb.lfasr.event.EventHandler.isSendAll(EventHandler.java:183) - [COMPENT]-CLIENT [PROCESS]-EventHandler [ID]- [STATUS]- [MEASURE]-(-1) ms [DEF]-upload file 56/57
2018-01-10 01:03:53 [ INFO] com.iflytek.msp.cpdb.lfasr.event.EventHandler.isSendAll(EventHandler.java:183) - [COMPENT]-CLIENT [PROCESS]-EventHandler [ID]- [STATUS]- [MEASURE]-(-1) ms [DEF]-upload file 57/57
2018-01-10 01:03:53 [ INFO] com.iflytek.msp.cpdb.lfasr.worker.UploadThread.run(UploadThread.java:43) - [COMPENT]-CLIENT [PROCESS]-UploadThread [ID]-3ca0a1f35eca4813bf07f046c42e8b2d [STATUS]- [MEASURE]-(-1) ms [DEF]-upload file send success, file:/Users/franer/Desktop/luyin1.MP3, task_id:3ca0a1f35eca4813bf07f046c42e8b2d
2018-01-10 01:03:55 [ INFO] com.iflytek.msp.cpdb.lfasr.event.EventHandler$ProcessorThread.run(EventHandler.java:137) - [COMPENT]-CLIENT [PROCESS]-EventHandler [ID]-3ca0a1f35eca4813bf07f046c42e8b2d [STATUS]- [MEASURE]-(-1) ms [DEF]-send meger success
2018-01-10 01:07:24 [ INFO] com.iflytek.msp.cpdb.lfasr.worker.UploadWorker.upload(UploadWorker.java:100) - [COMPENT]-CLIENT [PROCESS]-UploadWorker [ID]-null [STATUS]- [MEASURE]-(-1) ms [DEF]-prepare ok
2018-01-10 01:07:24 [ INFO] com.iflytek.msp.cpdb.lfasr.worker.UploadWorker.upload(UploadWorker.java:104) - [COMPENT]-CLIENT [PROCESS]-UploadWorker [ID]-a6ee5bc1f5f6487f8604c1f65fc9bd2c [STATUS]- [MEASURE]-(-1) ms [DEF]-get task_id:%sa6ee5bc1f5f6487f8604c1f65fc9bd2c
2018-01-10 01:07:24 [ INFO] com.iflytek.msp.cpdb.lfasr.worker.UploadWorker.metaPersistency(UploadWorker.java:152) - [COMPENT]-CLIENT [PROCESS]-UploadWorker [ID]-a6ee5bc1f5f6487f8604c1f65fc9bd2c [STATUS]- [MEASURE]-(-1) ms [DEF]-write meta info success, store file:/Users/franer/Desktop/a6ee5bc1f5f6487f8604c1f65fc9bd2c.dat
2018-01-10 01:07:24 [ INFO] com.iflytek.msp.cpdb.lfasr.event.EventHandler.isSendAll(EventHandler.java:183) - [COMPENT]-CLIENT [PROCESS]-EventHandler [ID]- [STATUS]- [MEASURE]-(-1) ms [DEF]-upload file 0/57
2018-01-10 01:07:25 [ INFO] com.iflytek.msp.cpdb.lfasr.event.EventHandler.isSendAll(EventHandler.java:183) - [COMPENT]-CLIENT [PROCESS]-EventHandler [ID]- [STATUS]- [MEASURE]-(-1) ms [DEF]-upload file 0/57
2018-01-10 01:07:25 [ INFO] com.iflytek.msp.cpdb.lfasr.event.EventHandler.isSendAll(EventHandler.java:183) - [COMPENT]-CLIENT [PROCESS]-EventHandler [ID]- [STATUS]- [MEASURE]-(-1) ms [DEF]-upload file 0/57
2018-01-10 01:07:26 [ INFO] com.iflytek.msp.cpdb.lfasr.event.EventHandler.isSendAll(EventHandler.java:183) - [COMPENT]-CLIENT [PROCESS]-EventHandler [ID]- [STATUS]- [MEASURE]-(-1) ms [DEF]-upload file 0/57
2018-01-10 01:07:26 [ INFO] com.iflytek.msp.cpdb.lfasr.event.EventHandler.isSendAll(EventHandler.java:183) - [COMPENT]-CLIENT [PROCESS]-EventHandler [ID]- [STATUS]- [MEASURE]-(-1) ms [DEF]-upload file 1/57
2018-01-10 01:07:27 [ INFO] com.iflytek.msp.cpdb.lfasr.event.EventHandler.isSendAll(EventHandler.java:183) - [COMPENT]-CLIENT [PROCESS]-EventHandler [ID]- [STATUS]- [MEASURE]-(-1) ms [DEF]-upload file 2/57
2018-01-10 01:07:27 [ INFO] com.iflytek.msp.cpdb.lfasr.event.EventHandler.isSendAll(EventHandler.java:183) - [COMPENT]-CLIENT [PROCESS]-EventHandler [ID]- [STATUS]- [MEASURE]-(-1) ms [DEF]-upload file 4/57
2018-01-10 01:07:28 [ INFO] com.iflytek.msp.cpdb.lfasr.event.EventHandler.isSendAll(EventHandler.java:183) - [COMPENT]-CLIENT [PROCESS]-EventHandler [ID]- [STATUS]- [MEASURE]-(-1) ms [DEF]-upload file 4/57
2018-01-10 01:07:28 [ INFO] com.iflytek.msp.cpdb.lfasr.event.EventHandler.isSendAll(EventHandler.java:183) - [COMPENT]-CLIENT [PROCESS]-EventHandler [ID]- [STATUS]- [MEASURE]-(-1) ms [DEF]-upload file 9/57
2018-01-10 01:07:29 [ INFO] com.iflytek.msp.cpdb.lfasr.event.EventHandler.isSendAll(EventHandler.java:183) - [COMPENT]-CLIENT [PROCESS]-EventHandler [ID]- [STATUS]- [MEASURE]-(-1) ms [DEF]-upload file 10/57
2018-01-10 01:07:29 [ INFO] com.iflytek.msp.cpdb.lfasr.event.EventHandler.isSendAll(EventHandler.java:183) - [COMPENT]-CLIENT [PROCESS]-EventHandler [ID]- [STATUS]- [MEASURE]-(-1) ms [DEF]-upload file 12/57
2018-01-10 01:07:30 [ INFO] com.iflytek.msp.cpdb.lfasr.event.EventHandler.isSendAll(EventHandler.java:183) - [COMPENT]-CLIENT [PROCESS]-EventHandler [ID]- [STATUS]- [MEASURE]-(-1) ms [DEF]-upload file 13/57
2018-01-10 01:07:30 [ INFO] com.iflytek.msp.cpdb.lfasr.event.EventHandler.isSendAll(EventHandler.java:183) - [COMPENT]-CLIENT [PROCESS]-EventHandler [ID]- [STATUS]- [MEASURE]-(-1) ms [DEF]-upload file 15/57
2018-01-10 01:07:31 [ INFO] com.iflytek.msp.cpdb.lfasr.event.EventHandler.isSendAll(EventHandler.java:183) - [COMPENT]-CLIENT [PROCESS]-EventHandler [ID]- [STATUS]- [MEASURE]-(-1) ms [DEF]-upload file 16/57
2018-01-10 01:07:31 [ INFO] com.iflytek.msp.cpdb.lfasr.event.EventHandler.isSendAll(EventHandler.java:183) - [COMPENT]-CLIENT [PROCESS]-EventHandler [ID]- [STATUS]- [MEASURE]-(-1) ms [DEF]-upload file 18/57
2018-01-10 01:07:32 [ INFO] com.iflytek.msp.cpdb.lfasr.event.EventHandler.isSendAll(EventHandler.java:183) - [COMPENT]-CLIENT [PROCESS]-EventHandler [ID]- [STATUS]- [MEASURE]-(-1) ms [DEF]-upload file 18/57
2018-01-10 01:07:32 [ INFO] com.iflytek.msp.cpdb.lfasr.event.EventHandler.isSendAll(EventHandler.java:183) - [COMPENT]-CLIENT [PROCESS]-EventHandler [ID]- [STATUS]- [MEASURE]-(-1) ms [DEF]-upload file 19/57
2018-01-10 01:07:33 [ INFO] com.iflytek.msp.cpdb.lfasr.event.EventHandler.isSendAll(EventHandler.java:183) - [COMPENT]-CLIENT [PROCESS]-EventHandler [ID]- [STATUS]- [MEASURE]-(-1) ms [DEF]-upload file 22/57
2018-01-10 01:07:33 [ INFO] com.iflytek.msp.cpdb.lfasr.event.EventHandler.isSendAll(EventHandler.java:183) - [COMPENT]-CLIENT [PROCESS]-EventHandler [ID]- [STATUS]- [MEASURE]-(-1) ms [DEF]-upload file 23/57
2018-01-10 01:07:34 [ INFO] com.iflytek.msp.cpdb.lfasr.event.EventHandler.isSendAll(EventHandler.java:183) - [COMPENT]-CLIENT [PROCESS]-EventHandler [ID]- [STATUS]- [MEASURE]-(-1) ms [DEF]-upload file 24/57
2018-01-10 01:07:34 [ INFO] com.iflytek.msp.cpdb.lfasr.event.EventHandler.isSendAll(EventHandler.java:183) - [COMPENT]-CLIENT [PROCESS]-EventHandler [ID]- [STATUS]- [MEASURE]-(-1) ms [DEF]-upload file 25/57
2018-01-10 01:07:35 [ INFO] com.iflytek.msp.cpdb.lfasr.event.EventHandler.isSendAll(EventHandler.java:183) - [COMPENT]-CLIENT [PROCESS]-EventHandler [ID]- [STATUS]- [MEASURE]-(-1) ms [DEF]-upload file 29/57
2018-01-10 01:07:35 [ INFO] com.iflytek.msp.cpdb.lfasr.event.EventHandler.isSendAll(EventHandler.java:183) - [COMPENT]-CLIENT [PROCESS]-EventHandler [ID]- [STATUS]- [MEASURE]-(-1) ms [DEF]-upload file 30/57
2018-01-10 01:07:36 [ INFO] com.iflytek.msp.cpdb.lfasr.event.EventHandler.isSendAll(EventHandler.java:183) - [COMPENT]-CLIENT [PROCESS]-EventHandler [ID]- [STATUS]- [MEASURE]-(-1) ms [DEF]-upload file 31/57
2018-01-10 01:07:36 [ INFO] com.iflytek.msp.cpdb.lfasr.event.EventHandler.isSendAll(EventHandler.java:183) - [COMPENT]-CLIENT [PROCESS]-EventHandler [ID]- [STATUS]- [MEASURE]-(-1) ms [DEF]-upload file 31/57
2018-01-10 01:07:37 [ INFO] com.iflytek.msp.cpdb.lfasr.event.EventHandler.isSendAll(EventHandler.java:183) - [COMPENT]-CLIENT [PROCESS]-EventHandler [ID]- [STATUS]- [MEASURE]-(-1) ms [DEF]-upload file 32/57
2018-01-10 01:07:37 [ INFO] com.iflytek.msp.cpdb.lfasr.event.EventHandler.isSendAll(EventHandler.java:183) - [COMPENT]-CLIENT [PROCESS]-EventHandler [ID]- [STATUS]- [MEASURE]-(-1) ms [DEF]-upload file 35/57
2018-01-10 01:07:38 [ INFO] com.iflytek.msp.cpdb.lfasr.event.EventHandler.isSendAll(EventHandler.java:183) - [COMPENT]-CLIENT [PROCESS]-EventHandler [ID]- [STATUS]- [MEASURE]-(-1) ms [DEF]-upload file 35/57
2018-01-10 01:07:38 [ INFO] com.iflytek.msp.cpdb.lfasr.event.EventHandler.isSendAll(EventHandler.java:183) - [COMPENT]-CLIENT [PROCESS]-EventHandler [ID]- [STATUS]- [MEASURE]-(-1) ms [DEF]-upload file 36/57
2018-01-10 01:07:39 [ INFO] com.iflytek.msp.cpdb.lfasr.event.EventHandler.isSendAll(EventHandler.java:183) - [COMPENT]-CLIENT [PROCESS]-EventHandler [ID]- [STATUS]- [MEASURE]-(-1) ms [DEF]-upload file 37/57
2018-01-10 01:07:39 [ INFO] com.iflytek.msp.cpdb.lfasr.event.EventHandler.isSendAll(EventHandler.java:183) - [COMPENT]-CLIENT [PROCESS]-EventHandler [ID]- [STATUS]- [MEASURE]-(-1) ms [DEF]-upload file 42/57
2018-01-10 01:07:40 [ INFO] com.iflytek.msp.cpdb.lfasr.event.EventHandler.isSendAll(EventHandler.java:183) - [COMPENT]-CLIENT [PROCESS]-EventHandler [ID]- [STATUS]- [MEASURE]-(-1) ms [DEF]-upload file 42/57
2018-01-10 01:07:40 [ INFO] com.iflytek.msp.cpdb.lfasr.event.EventHandler.isSendAll(EventHandler.java:183) - [COMPENT]-CLIENT [PROCESS]-EventHandler [ID]- [STATUS]- [MEASURE]-(-1) ms [DEF]-upload file 43/57
2018-01-10 01:07:41 [ INFO] com.iflytek.msp.cpdb.lfasr.event.EventHandler.isSendAll(EventHandler.java:183) - [COMPENT]-CLIENT [PROCESS]-EventHandler [ID]- [STATUS]- [MEASURE]-(-1) ms [DEF]-upload file 45/57
2018-01-10 01:07:41 [ INFO] com.iflytek.msp.cpdb.lfasr.event.EventHandler.isSendAll(EventHandler.java:183) - [COMPENT]-CLIENT [PROCESS]-EventHandler [ID]- [STATUS]- [MEASURE]-(-1) ms [DEF]-upload file 45/57
2018-01-10 01:07:42 [ INFO] com.iflytek.msp.cpdb.lfasr.event.EventHandler.isSendAll(EventHandler.java:183) - [COMPENT]-CLIENT [PROCESS]-EventHandler [ID]- [STATUS]- [MEASURE]-(-1) ms [DEF]-upload file 47/57
2018-01-10 01:07:42 [ INFO] com.iflytek.msp.cpdb.lfasr.event.EventHandler.isSendAll(EventHandler.java:183) - [COMPENT]-CLIENT [PROCESS]-EventHandler [ID]- [STATUS]- [MEASURE]-(-1) ms [DEF]-upload file 51/57
2018-01-10 01:07:43 [ INFO] com.iflytek.msp.cpdb.lfasr.event.EventHandler.isSendAll(EventHandler.java:183) - [COMPENT]-CLIENT [PROCESS]-EventHandler [ID]- [STATUS]- [MEASURE]-(-1) ms [DEF]-upload file 53/57
2018-01-10 01:07:43 [ INFO] com.iflytek.msp.cpdb.lfasr.event.EventHandler.isSendAll(EventHandler.java:183) - [COMPENT]-CLIENT [PROCESS]-EventHandler [ID]- [STATUS]- [MEASURE]-(-1) ms [DEF]-upload file 57/57
2018-01-10 01:07:43 [ INFO] com.iflytek.msp.cpdb.lfasr.worker.UploadThread.run(UploadThread.java:43) - [COMPENT]-CLIENT [PROCESS]-UploadThread [ID]-a6ee5bc1f5f6487f8604c1f65fc9bd2c [STATUS]- [MEASURE]-(-1) ms [DEF]-upload file send success, file:/Users/franer/Desktop/luyin1.MP3, task_id:a6ee5bc1f5f6487f8604c1f65fc9bd2c
2018-01-10 01:07:44 [ INFO] com.iflytek.msp.cpdb.lfasr.event.EventHandler$ProcessorThread.run(EventHandler.java:137) - [COMPENT]-CLIENT [PROCESS]-EventHandler [ID]-a6ee5bc1f5f6487f8604c1f65fc9bd2c [STATUS]- [MEASURE]-(-1) ms [DEF]-send meger success
2018-01-10 01:20:02 [ INFO] com.iflytek.msp.cpdb.lfasr.worker.UploadWorker.upload(UploadWorker.java:100) - [COMPENT]-CLIENT [PROCESS]-UploadWorker [ID]-null [STATUS]- [MEASURE]-(-1) ms [DEF]-prepare ok
2018-01-10 01:20:02 [ INFO] com.iflytek.msp.cpdb.lfasr.worker.UploadWorker.upload(UploadWorker.java:104) - [COMPENT]-CLIENT [PROCESS]-UploadWorker [ID]-859183203252445da065c30d158e4059 [STATUS]- [MEASURE]-(-1) ms [DEF]-get task_id:%s859183203252445da065c30d158e4059
2018-01-10 01:20:02 [ INFO] com.iflytek.msp.cpdb.lfasr.worker.UploadWorker.metaPersistency(UploadWorker.java:152) - [COMPENT]-CLIENT [PROCESS]-UploadWorker [ID]-859183203252445da065c30d158e4059 [STATUS]- [MEASURE]-(-1) ms [DEF]-write meta info success, store file:/Users/franer/Desktop/859183203252445da065c30d158e4059.dat
2018-01-10 01:20:02 [ INFO] com.iflytek.msp.cpdb.lfasr.event.EventHandler.isSendAll(EventHandler.java:183) - [COMPENT]-CLIENT [PROCESS]-EventHandler [ID]- [STATUS]- [MEASURE]-(-1) ms [DEF]-upload file 0/57
2018-01-10 01:20:03 [ INFO] com.iflytek.msp.cpdb.lfasr.event.EventHandler.isSendAll(EventHandler.java:183) - [COMPENT]-CLIENT [PROCESS]-EventHandler [ID]- [STATUS]- [MEASURE]-(-1) ms [DEF]-upload file 0/57
2018-01-10 01:20:03 [ INFO] com.iflytek.msp.cpdb.lfasr.event.EventHandler.isSendAll(EventHandler.java:183) - [COMPENT]-CLIENT [PROCESS]-EventHandler [ID]- [STATUS]- [MEASURE]-(-1) ms [DEF]-upload file 4/57
2018-01-10 01:20:04 [ INFO] com.iflytek.msp.cpdb.lfasr.event.EventHandler.isSendAll(EventHandler.java:183) - [COMPENT]-CLIENT [PROCESS]-EventHandler [ID]- [STATUS]- [MEASURE]-(-1) ms [DEF]-upload file 6/57
2018-01-10 01:20:04 [ INFO] com.iflytek.msp.cpdb.lfasr.event.EventHandler.isSendAll(EventHandler.java:183) - [COMPENT]-CLIENT [PROCESS]-EventHandler [ID]- [STATUS]- [MEASURE]-(-1) ms [DEF]-upload file 6/57
2018-01-10 01:20:05 [ INFO] com.iflytek.msp.cpdb.lfasr.event.EventHandler.isSendAll(EventHandler.java:183) - [COMPENT]-CLIENT [PROCESS]-EventHandler [ID]- [STATUS]- [MEASURE]-(-1) ms [DEF]-upload file 8/57
2018-01-10 01:20:05 [ INFO] com.iflytek.msp.cpdb.lfasr.event.EventHandler.isSendAll(EventHandler.java:183) - [COMPENT]-CLIENT [PROCESS]-EventHandler [ID]- [STATUS]- [MEASURE]-(-1) ms [DEF]-upload file 8/57
2018-01-10 01:20:06 [ INFO] com.iflytek.msp.cpdb.lfasr.event.EventHandler.isSendAll(EventHandler.java:183) - [COMPENT]-CLIENT [PROCESS]-EventHandler [ID]- [STATUS]- [MEASURE]-(-1) ms [DEF]-upload file 8/57
2018-01-10 01:20:06 [ INFO] com.iflytek.msp.cpdb.lfasr.event.EventHandler.isSendAll(EventHandler.java:183) - [COMPENT]-CLIENT [PROCESS]-EventHandler [ID]- [STATUS]- [MEASURE]-(-1) ms [DEF]-upload file 9/57
2018-01-10 01:20:07 [ INFO] com.iflytek.msp.cpdb.lfasr.event.EventHandler.isSendAll(EventHandler.java:183) - [COMPENT]-CLIENT [PROCESS]-EventHandler [ID]- [STATUS]- [MEASURE]-(-1) ms [DEF]-upload file 9/57
2018-01-10 01:20:07 [ INFO] com.iflytek.msp.cpdb.lfasr.event.EventHandler.isSendAll(EventHandler.java:183) - [COMPENT]-CLIENT [PROCESS]-EventHandler [ID]- [STATUS]- [MEASURE]-(-1) ms [DEF]-upload file 9/57
2018-01-10 01:20:08 [ INFO] com.iflytek.msp.cpdb.lfasr.event.EventHandler.isSendAll(EventHandler.java:183) - [COMPENT]-CLIENT [PROCESS]-EventHandler [ID]- [STATUS]- [MEASURE]-(-1) ms [DEF]-upload file 15/57
2018-01-10 01:20:08 [ INFO] com.iflytek.msp.cpdb.lfasr.event.EventHandler.isSendAll(EventHandler.java:183) - [COMPENT]-CLIENT [PROCESS]-EventHandler [ID]- [STATUS]- [MEASURE]-(-1) ms [DEF]-upload file 17/57
2018-01-10 01:20:09 [ INFO] com.iflytek.msp.cpdb.lfasr.event.EventHandler.isSendAll(EventHandler.java:183) - [COMPENT]-CLIENT [PROCESS]-EventHandler [ID]- [STATUS]- [MEASURE]-(-1) ms [DEF]-upload file 18/57
2018-01-10 01:20:09 [ INFO] com.iflytek.msp.cpdb.lfasr.event.EventHandler.isSendAll(EventHandler.java:183) - [COMPENT]-CLIENT [PROCESS]-EventHandler [ID]- [STATUS]- [MEASURE]-(-1) ms [DEF]-upload file 19/57
2018-01-10 01:20:10 [ INFO] com.iflytek.msp.cpdb.lfasr.event.EventHandler.isSendAll(EventHandler.java:183) - [COMPENT]-CLIENT [PROCESS]-EventHandler [ID]- [STATUS]- [MEASURE]-(-1) ms [DEF]-upload file 19/57
2018-01-10 01:20:10 [ INFO] com.iflytek.msp.cpdb.lfasr.event.EventHandler.isSendAll(EventHandler.java:183) - [COMPENT]-CLIENT [PROCESS]-EventHandler [ID]- [STATUS]- [MEASURE]-(-1) ms [DEF]-upload file 22/57
2018-01-10 01:20:11 [ INFO] com.iflytek.msp.cpdb.lfasr.event.EventHandler.isSendAll(EventHandler.java:183) - [COMPENT]-CLIENT [PROCESS]-EventHandler [ID]- [STATUS]- [MEASURE]-(-1) ms [DEF]-upload file 23/57
2018-01-10 01:20:11 [ INFO] com.iflytek.msp.cpdb.lfasr.event.EventHandler.isSendAll(EventHandler.java:183) - [COMPENT]-CLIENT [PROCESS]-EventHandler [ID]- [STATUS]- [MEASURE]-(-1) ms [DEF]-upload file 24/57
2018-01-10 01:20:12 [ INFO] com.iflytek.msp.cpdb.lfasr.event.EventHandler.isSendAll(EventHandler.java:183) - [COMPENT]-CLIENT [PROCESS]-EventHandler [ID]- [STATUS]- [MEASURE]-(-1) ms [DEF]-upload file 25/57
2018-01-10 01:20:12 [ INFO] com.iflytek.msp.cpdb.lfasr.event.EventHandler.isSendAll(EventHandler.java:183) - [COMPENT]-CLIENT [PROCESS]-EventHandler [ID]- [STATUS]- [MEASURE]-(-1) ms [DEF]-upload file 27/57
2018-01-10 01:20:13 [ INFO] com.iflytek.msp.cpdb.lfasr.event.EventHandler.isSendAll(EventHandler.java:183) - [COMPENT]-CLIENT [PROCESS]-EventHandler [ID]- [STATUS]- [MEASURE]-(-1) ms [DEF]-upload file 28/57
2018-01-10 01:20:13 [ INFO] com.iflytek.msp.cpdb.lfasr.event.EventHandler.isSendAll(EventHandler.java:183) - [COMPENT]-CLIENT [PROCESS]-EventHandler [ID]- [STATUS]- [MEASURE]-(-1) ms [DEF]-upload file 30/57
2018-01-10 01:20:14 [ INFO] com.iflytek.msp.cpdb.lfasr.event.EventHandler.isSendAll(EventHandler.java:183) - [COMPENT]-CLIENT [PROCESS]-EventHandler [ID]- [STATUS]- [MEASURE]-(-1) ms [DEF]-upload file 31/57
2018-01-10 01:20:14 [ INFO] com.iflytek.msp.cpdb.lfasr.event.EventHandler.isSendAll(EventHandler.java:183) - [COMPENT]-CLIENT [PROCESS]-EventHandler [ID]- [STATUS]- [MEASURE]-(-1) ms [DEF]-upload file 33/57
2018-01-10 01:20:15 [ INFO] com.iflytek.msp.cpdb.lfasr.event.EventHandler.isSendAll(EventHandler.java:183) - [COMPENT]-CLIENT [PROCESS]-EventHandler [ID]- [STATUS]- [MEASURE]-(-1) ms [DEF]-upload file 33/57
2018-01-10 01:20:15 [ INFO] com.iflytek.msp.cpdb.lfasr.event.EventHandler.isSendAll(EventHandler.java:183) - [COMPENT]-CLIENT [PROCESS]-EventHandler [ID]- [STATUS]- [MEASURE]-(-1) ms [DEF]-upload file 35/57
2018-01-10 01:20:16 [ INFO] com.iflytek.msp.cpdb.lfasr.event.EventHandler.isSendAll(EventHandler.java:183) - [COMPENT]-CLIENT [PROCESS]-EventHandler [ID]- [STATUS]- [MEASURE]-(-1) ms [DEF]-upload file 36/57
2018-01-10 01:20:16 [ INFO] com.iflytek.msp.cpdb.lfasr.event.EventHandler.isSendAll(EventHandler.java:183) - [COMPENT]-CLIENT [PROCESS]-EventHandler [ID]- [STATUS]- [MEASURE]-(-1) ms [DEF]-upload file 37/57
2018-01-10 01:20:17 [ INFO] com.iflytek.msp.cpdb.lfasr.event.EventHandler.isSendAll(EventHandler.java:183) - [COMPENT]-CLIENT [PROCESS]-EventHandler [ID]- [STATUS]- [MEASURE]-(-1) ms [DEF]-upload file 41/57
2018-01-10 01:20:17 [ INFO] com.iflytek.msp.cpdb.lfasr.event.EventHandler.isSendAll(EventHandler.java:183) - [COMPENT]-CLIENT [PROCESS]-EventHandler [ID]- [STATUS]- [MEASURE]-(-1) ms [DEF]-upload file 43/57
2018-01-10 01:20:18 [ INFO] com.iflytek.msp.cpdb.lfasr.event.EventHandler.isSendAll(EventHandler.java:183) - [COMPENT]-CLIENT [PROCESS]-EventHandler [ID]- [STATUS]- [MEASURE]-(-1) ms [DEF]-upload file 43/57
2018-01-10 01:20:18 [ INFO] com.iflytek.msp.cpdb.lfasr.event.EventHandler.isSendAll(EventHandler.java:183) - [COMPENT]-CLIENT [PROCESS]-EventHandler [ID]- [STATUS]- [MEASURE]-(-1) ms [DEF]-upload file 43/57
2018-01-10 01:20:19 [ INFO] com.iflytek.msp.cpdb.lfasr.event.EventHandler.isSendAll(EventHandler.java:183) - [COMPENT]-CLIENT [PROCESS]-EventHandler [ID]- [STATUS]- [MEASURE]-(-1) ms [DEF]-upload file 46/57
2018-01-10 01:20:19 [ INFO] com.iflytek.msp.cpdb.lfasr.event.EventHandler.isSendAll(EventHandler.java:183) - [COMPENT]-CLIENT [PROCESS]-EventHandler [ID]- [STATUS]- [MEASURE]-(-1) ms [DEF]-upload file 46/57
2018-01-10 01:20:20 [ INFO] com.iflytek.msp.cpdb.lfasr.event.EventHandler.isSendAll(EventHandler.java:183) - [COMPENT]-CLIENT [PROCESS]-EventHandler [ID]- [STATUS]- [MEASURE]-(-1) ms [DEF]-upload file 50/57
2018-01-10 01:20:20 [ INFO] com.iflytek.msp.cpdb.lfasr.event.EventHandler.isSendAll(EventHandler.java:183) - [COMPENT]-CLIENT [PROCESS]-EventHandler [ID]- [STATUS]- [MEASURE]-(-1) ms [DEF]-upload file 52/57
2018-01-10 01:20:21 [ INFO] com.iflytek.msp.cpdb.lfasr.event.EventHandler.isSendAll(EventHandler.java:183) - [COMPENT]-CLIENT [PROCESS]-EventHandler [ID]- [STATUS]- [MEASURE]-(-1) ms [DEF]-upload file 55/57
2018-01-10 01:20:21 [ INFO] com.iflytek.msp.cpdb.lfasr.event.EventHandler.isSendAll(EventHandler.java:183) - [COMPENT]-CLIENT [PROCESS]-EventHandler [ID]- [STATUS]- [MEASURE]-(-1) ms [DEF]-upload file 57/57
2018-01-10 01:20:21 [ INFO] com.iflytek.msp.cpdb.lfasr.worker.UploadThread.run(UploadThread.java:43) - [COMPENT]-CLIENT [PROCESS]-UploadThread [ID]-859183203252445da065c30d158e4059 [STATUS]- [MEASURE]-(-1) ms [DEF]-upload file send success, file:/Users/franer/Desktop/luyin1.MP3, task_id:859183203252445da065c30d158e4059
2018-01-10 01:20:23 [ INFO] com.iflytek.msp.cpdb.lfasr.event.EventHandler$ProcessorThread.run(EventHandler.java:137) - [COMPENT]-CLIENT [PROCESS]-EventHandler [ID]-859183203252445da065c30d158e4059 [STATUS]- [MEASURE]-(-1) ms [DEF]-send meger success
2018-01-18 23:43:15 [ INFO] com.iflytek.msp.cpdb.lfasr.worker.UploadWorker.upload(UploadWorker.java:100) - [COMPENT]-CLIENT [PROCESS]-UploadWorker [ID]-null [STATUS]- [MEASURE]-(-1) ms [DEF]-prepare ok
2018-01-18 23:43:15 [ INFO] com.iflytek.msp.cpdb.lfasr.worker.UploadWorker.upload(UploadWorker.java:104) - [COMPENT]-CLIENT [PROCESS]-UploadWorker [ID]-7ac90010eee3425983475077d3792d66 [STATUS]- [MEASURE]-(-1) ms [DEF]-get task_id:%s7ac90010eee3425983475077d3792d66
2018-01-18 23:43:15 [ INFO] com.iflytek.msp.cpdb.lfasr.worker.UploadWorker.metaPersistency(UploadWorker.java:152) - [COMPENT]-CLIENT [PROCESS]-UploadWorker [ID]-7ac90010eee3425983475077d3792d66 [STATUS]- [MEASURE]-(-1) ms [DEF]-write meta info success, store file:/Users/franer/Desktop/7ac90010eee3425983475077d3792d66.dat
2018-01-18 23:43:16 [ INFO] com.iflytek.msp.cpdb.lfasr.event.EventHandler.isSendAll(EventHandler.java:183) - [COMPENT]-CLIENT [PROCESS]-EventHandler [ID]- [STATUS]- [MEASURE]-(-1) ms [DEF]-upload file 0/265
2018-01-18 23:43:16 [ INFO] com.iflytek.msp.cpdb.lfasr.event.EventHandler.isSendAll(EventHandler.java:183) - [COMPENT]-CLIENT [PROCESS]-EventHandler [ID]- [STATUS]- [MEASURE]-(-1) ms [DEF]-upload file 0/265
2018-01-18 23:43:17 [ INFO] com.iflytek.msp.cpdb.lfasr.event.EventHandler.isSendAll(EventHandler.java:183) - [COMPENT]-CLIENT [PROCESS]-EventHandler [ID]- [STATUS]- [MEASURE]-(-1) ms [DEF]-upload file 4/265
2018-01-18 23:43:17 [ INFO] com.iflytek.msp.cpdb.lfasr.event.EventHandler.isSendAll(EventHandler.java:183) - [COMPENT]-CLIENT [PROCESS]-EventHandler [ID]- [STATUS]- [MEASURE]-(-1) ms [DEF]-upload file 4/265
2018-01-18 23:43:18 [ INFO] com.iflytek.msp.cpdb.lfasr.event.EventHandler.isSendAll(EventHandler.java:183) - [COMPENT]-CLIENT [PROCESS]-EventHandler [ID]- [STATUS]- [MEASURE]-(-1) ms [DEF]-upload file 7/265
2018-01-18 23:43:18 [ INFO] com.iflytek.msp.cpdb.lfasr.event.EventHandler.isSendAll(EventHandler.java:183) - [COMPENT]-CLIENT [PROCESS]-EventHandler [ID]- [STATUS]- [MEASURE]-(-1) ms [DEF]-upload file 7/265
2018-01-18 23:43:19 [ INFO] com.iflytek.msp.cpdb.lfasr.event.EventHandler.isSendAll(EventHandler.java:183) - [COMPENT]-CLIENT [PROCESS]-EventHandler [ID]- [STATUS]- [MEASURE]-(-1) ms [DEF]-upload file 9/265
2018-01-18 23:43:19 [ INFO] com.iflytek.msp.cpdb.lfasr.event.EventHandler.isSendAll(EventHandler.java:183) - [COMPENT]-CLIENT [PROCESS]-EventHandler [ID]- [STATUS]- [MEASURE]-(-1) ms [DEF]-upload file 10/265
2018-01-18 23:43:20 [ INFO] com.iflytek.msp.cpdb.lfasr.event.EventHandler.isSendAll(EventHandler.java:183) - [COMPENT]-CLIENT [PROCESS]-EventHandler [ID]- [STATUS]- [MEASURE]-(-1) ms [DEF]-upload file 11/265
2018-01-18 23:43:20 [ INFO] com.iflytek.msp.cpdb.lfasr.event.EventHandler.isSendAll(EventHandler.java:183) - [COMPENT]-CLIENT [PROCESS]-EventHandler [ID]- [STATUS]- [MEASURE]-(-1) ms [DEF]-upload file 13/265
2018-01-18 23:43:21 [ INFO] com.iflytek.msp.cpdb.lfasr.event.EventHandler.isSendAll(EventHandler.java:183) - [COMPENT]-CLIENT [PROCESS]-EventHandler [ID]- [STATUS]- [MEASURE]-(-1) ms [DEF]-upload file 13/265
2018-01-18 23:43:21 [ INFO] com.iflytek.msp.cpdb.lfasr.event.EventHandler.isSendAll(EventHandler.java:183) - [COMPENT]-CLIENT [PROCESS]-EventHandler [ID]- [STATUS]- [MEASURE]-(-1) ms [DEF]-upload file 15/265
2018-01-18 23:43:22 [ INFO] com.iflytek.msp.cpdb.lfasr.event.EventHandler.isSendAll(EventHandler.java:183) - [COMPENT]-CLIENT [PROCESS]-EventHandler [ID]- [STATUS]- [MEASURE]-(-1) ms [DEF]-upload file 16/265
2018-01-18 23:43:22 [ INFO] com.iflytek.msp.cpdb.lfasr.event.EventHandler.isSendAll(EventHandler.java:183) - [COMPENT]-CLIENT [PROCESS]-EventHandler [ID]- [STATUS]- [MEASURE]-(-1) ms [DEF]-upload file 16/265
2018-01-18 23:43:23 [ INFO] com.iflytek.msp.cpdb.lfasr.event.EventHandler.isSendAll(EventHandler.java:183) - [COMPENT]-CLIENT [PROCESS]-EventHandler [ID]- [STATUS]- [MEASURE]-(-1) ms [DEF]-upload file 16/265
2018-01-18 23:43:23 [ INFO] com.iflytek.msp.cpdb.lfasr.event.EventHandler.isSendAll(EventHandler.java:183) - [COMPENT]-CLIENT [PROCESS]-EventHandler [ID]- [STATUS]- [MEASURE]-(-1) ms [DEF]-upload file 20/265
2018-01-18 23:43:24 [ INFO] com.iflytek.msp.cpdb.lfasr.event.EventHandler.isSendAll(EventHandler.java:183) - [COMPENT]-CLIENT [PROCESS]-EventHandler [ID]- [STATUS]- [MEASURE]-(-1) ms [DEF]-upload file 21/265
2018-01-18 23:43:24 [ INFO] com.iflytek.msp.cpdb.lfasr.event.EventHandler.isSendAll(EventHandler.java:183) - [COMPENT]-CLIENT [PROCESS]-EventHandler [ID]- [STATUS]- [MEASURE]-(-1) ms [DEF]-upload file 22/265
2018-01-18 23:43:25 [ INFO] com.iflytek.msp.cpdb.lfasr.event.EventHandler.isSendAll(EventHandler.java:183) - [COMPENT]-CLIENT [PROCESS]-EventHandler [ID]- [STATUS]- [MEASURE]-(-1) ms [DEF]-upload file 25/265
2018-01-18 23:43:25 [ INFO] com.iflytek.msp.cpdb.lfasr.event.EventHandler.isSendAll(EventHandler.java:183) - [COMPENT]-CLIENT [PROCESS]-EventHandler [ID]- [STATUS]- [MEASURE]-(-1) ms [DEF]-upload file 27/265
2018-01-18 23:43:26 [ INFO] com.iflytek.msp.cpdb.lfasr.event.EventHandler.isSendAll(EventHandler.java:183) - [COMPENT]-CLIENT [PROCESS]-EventHandler [ID]- [STATUS]- [MEASURE]-(-1) ms [DEF]-upload file 27/265
2018-01-18 23:43:26 [ INFO] com.iflytek.msp.cpdb.lfasr.event.EventHandler.isSendAll(EventHandler.java:183) - [COMPENT]-CLIENT [PROCESS]-EventHandler [ID]- [STATUS]- [MEASURE]-(-1) ms [DEF]-upload file 29/265
2018-01-18 23:43:27 [ INFO] com.iflytek.msp.cpdb.lfasr.event.EventHandler.isSendAll(EventHandler.java:183) - [COMPENT]-CLIENT [PROCESS]-EventHandler [ID]- [STATUS]- [MEASURE]-(-1) ms [DEF]-upload file 29/265
2018-01-18 23:43:27 [ INFO] com.iflytek.msp.cpdb.lfasr.event.EventHandler.isSendAll(EventHandler.java:183) - [COMPENT]-CLIENT [PROCESS]-EventHandler [ID]- [STATUS]- [MEASURE]-(-1) ms [DEF]-upload file 31/265
2018-01-18 23:43:28 [ INFO] com.iflytek.msp.cpdb.lfasr.event.EventHandler.isSendAll(EventHandler.java:183) - [COMPENT]-CLIENT [PROCESS]-EventHandler [ID]- [STATUS]- [MEASURE]-(-1) ms [DEF]-upload file 33/265
2018-01-18 23:43:28 [ INFO] com.iflytek.msp.cpdb.lfasr.event.EventHandler.isSendAll(EventHandler.java:183) - [COMPENT]-CLIENT [PROCESS]-EventHandler [ID]- [STATUS]- [MEASURE]-(-1) ms [DEF]-upload file 33/265
2018-01-18 23:43:29 [ INFO] com.iflytek.msp.cpdb.lfasr.event.EventHandler.isSendAll(EventHandler.java:183) - [COMPENT]-CLIENT [PROCESS]-EventHandler [ID]- [STATUS]- [MEASURE]-(-1) ms [DEF]-upload file 37/265
2018-01-18 23:43:29 [ INFO] com.iflytek.msp.cpdb.lfasr.event.EventHandler.isSendAll(EventHandler.java:183) - [COMPENT]-CLIENT [PROCESS]-EventHandler [ID]- [STATUS]- [MEASURE]-(-1) ms [DEF]-upload file 37/265
2018-01-18 23:43:30 [ INFO] com.iflytek.msp.cpdb.lfasr.event.EventHandler.isSendAll(EventHandler.java:183) - [COMPENT]-CLIENT [PROCESS]-EventHandler [ID]- [STATUS]- [MEASURE]-(-1) ms [DEF]-upload file 38/265
2018-01-18 23:43:30 [ INFO] com.iflytek.msp.cpdb.lfasr.event.EventHandler.isSendAll(EventHandler.java:183) - [COMPENT]-CLIENT [PROCESS]-EventHandler [ID]- [STATUS]- [MEASURE]-(-1) ms [DEF]-upload file 39/265
2018-01-18 23:43:31 [ INFO] com.iflytek.msp.cpdb.lfasr.event.EventHandler.isSendAll(EventHandler.java:183) - [COMPENT]-CLIENT [PROCESS]-EventHandler [ID]- [STATUS]- [MEASURE]-(-1) ms [DEF]-upload file 40/265
2018-01-18 23:43:31 [ INFO] com.iflytek.msp.cpdb.lfasr.event.EventHandler.isSendAll(EventHandler.java:183) - [COMPENT]-CLIENT [PROCESS]-EventHandler [ID]- [STATUS]- [MEASURE]-(-1) ms [DEF]-upload file 41/265
2018-01-18 23:43:32 [ INFO] com.iflytek.msp.cpdb.lfasr.event.EventHandler.isSendAll(EventHandler.java:183) - [COMPENT]-CLIENT [PROCESS]-EventHandler [ID]- [STATUS]- [MEASURE]-(-1) ms [DEF]-upload file 43/265
2018-01-18 23:43:32 [ INFO] com.iflytek.msp.cpdb.lfasr.event.EventHandler.isSendAll(EventHandler.java:183) - [COMPENT]-CLIENT [PROCESS]-EventHandler [ID]- [STATUS]- [MEASURE]-(-1) ms [DEF]-upload file 46/265
2018-01-18 23:43:33 [ INFO] com.iflytek.msp.cpdb.lfasr.event.EventHandler.isSendAll(EventHandler.java:183) - [COMPENT]-CLIENT [PROCESS]-EventHandler [ID]- [STATUS]- [MEASURE]-(-1) ms [DEF]-upload file 47/265
2018-01-18 23:43:33 [ INFO] com.iflytek.msp.cpdb.lfasr.event.EventHandler.isSendAll(EventHandler.java:183) - [COMPENT]-CLIENT [PROCESS]-EventHandler [ID]- [STATUS]- [MEASURE]-(-1) ms [DEF]-upload file 48/265
2018-01-18 23:43:34 [ INFO] com.iflytek.msp.cpdb.lfasr.event.EventHandler.isSendAll(EventHandler.java:183) - [COMPENT]-CLIENT [PROCESS]-EventHandler [ID]- [STATUS]- [MEASURE]-(-1) ms [DEF]-upload file 50/265
2018-01-18 23:43:34 [ INFO] com.iflytek.msp.cpdb.lfasr.event.EventHandler.isSendAll(EventHandler.java:183) - [COMPENT]-CLIENT [PROCESS]-EventHandler [ID]- [STATUS]- [MEASURE]-(-1) ms [DEF]-upload file 51/265
2018-01-18 23:43:35 [ INFO] com.iflytek.msp.cpdb.lfasr.event.EventHandler.isSendAll(EventHandler.java:183) - [COMPENT]-CLIENT [PROCESS]-EventHandler [ID]- [STATUS]- [MEASURE]-(-1) ms [DEF]-upload file 54/265
2018-01-18 23:43:35 [ INFO] com.iflytek.msp.cpdb.lfasr.event.EventHandler.isSendAll(EventHandler.java:183) - [COMPENT]-CLIENT [PROCESS]-EventHandler [ID]- [STATUS]- [MEASURE]-(-1) ms [DEF]-upload file 55/265
2018-01-18 23:43:36 [ INFO] com.iflytek.msp.cpdb.lfasr.event.EventHandler.isSendAll(EventHandler.java:183) - [COMPENT]-CLIENT [PROCESS]-EventHandler [ID]- [STATUS]- [MEASURE]-(-1) ms [DEF]-upload file 55/265
2018-01-18 23:43:36 [ INFO] com.iflytek.msp.cpdb.lfasr.event.EventHandler.isSendAll(EventHandler.java:183) - [COMPENT]-CLIENT [PROCESS]-EventHandler [ID]- [STATUS]- [MEASURE]-(-1) ms [DEF]-upload file 57/265
2018-01-18 23:43:37 [ INFO] com.iflytek.msp.cpdb.lfasr.event.EventHandler.isSendAll(EventHandler.java:183) - [COMPENT]-CLIENT [PROCESS]-EventHandler [ID]- [STATUS]- [MEASURE]-(-1) ms [DEF]-upload file 59/265
2018-01-18 23:43:37 [ INFO] com.iflytek.msp.cpdb.lfasr.event.EventHandler.isSendAll(EventHandler.java:183) - [COMPENT]-CLIENT [PROCESS]-EventHandler [ID]- [STATUS]- [MEASURE]-(-1) ms [DEF]-upload file 60/265
2018-01-18 23:43:38 [ INFO] com.iflytek.msp.cpdb.lfasr.event.EventHandler.isSendAll(EventHandler.java:183) - [COMPENT]-CLIENT [PROCESS]-EventHandler [ID]- [STATUS]- [MEASURE]-(-1) ms [DEF]-upload file 60/265
2018-01-18 23:43:38 [ INFO] com.iflytek.msp.cpdb.lfasr.event.EventHandler.isSendAll(EventHandler.java:183) - [COMPENT]-CLIENT [PROCESS]-EventHandler [ID]- [STATUS]- [MEASURE]-(-1) ms [DEF]-upload file 60/265
2018-01-18 23:43:39 [ INFO] com.iflytek.msp.cpdb.lfasr.event.EventHandler.isSendAll(EventHandler.java:183) - [COMPENT]-CLIENT [PROCESS]-EventHandler [ID]- [STATUS]- [MEASURE]-(-1) ms [DEF]-upload file 65/265
2018-01-18 23:43:39 [ INFO] com.iflytek.msp.cpdb.lfasr.event.EventHandler.isSendAll(EventHandler.java:183) - [COMPENT]-CLIENT [PROCESS]-EventHandler [ID]- [STATUS]- [MEASURE]-(-1) ms [DEF]-upload file 65/265
2018-01-18 23:43:40 [ INFO] com.iflytek.msp.cpdb.lfasr.event.EventHandler.isSendAll(EventHandler.java:183) - [COMPENT]-CLIENT [PROCESS]-EventHandler [ID]- [STATUS]- [MEASURE]-(-1) ms [DEF]-upload file 68/265
2018-01-18 23:43:40 [ INFO] com.iflytek.msp.cpdb.lfasr.event.EventHandler.isSendAll(EventHandler.java:183) - [COMPENT]-CLIENT [PROCESS]-EventHandler [ID]- [STATUS]- [MEASURE]-(-1) ms [DEF]-upload file 68/265
2018-01-18 23:43:41 [ INFO] com.iflytek.msp.cpdb.lfasr.event.EventHandler.isSendAll(EventHandler.java:183) - [COMPENT]-CLIENT [PROCESS]-EventHandler [ID]- [STATUS]- [MEASURE]-(-1) ms [DEF]-upload file 69/265
2018-01-18 23:43:41 [ INFO] com.iflytek.msp.cpdb.lfasr.event.EventHandler.isSendAll(EventHandler.java:183) - [COMPENT]-CLIENT [PROCESS]-EventHandler [ID]- [STATUS]- [MEASURE]-(-1) ms [DEF]-upload file 70/265
2018-01-18 23:43:42 [ INFO] com.iflytek.msp.cpdb.lfasr.event.EventHandler.isSendAll(EventHandler.java:183) - [COMPENT]-CLIENT [PROCESS]-EventHandler [ID]- [STATUS]- [MEASURE]-(-1) ms [DEF]-upload file 70/265
2018-01-18 23:43:42 [ INFO] com.iflytek.msp.cpdb.lfasr.event.EventHandler.isSendAll(EventHandler.java:183) - [COMPENT]-CLIENT [PROCESS]-EventHandler [ID]- [STATUS]- [MEASURE]-(-1) ms [DEF]-upload file 75/265
2018-01-18 23:43:43 [ INFO] com.iflytek.msp.cpdb.lfasr.event.EventHandler.isSendAll(EventHandler.java:183) - [COMPENT]-CLIENT [PROCESS]-EventHandler [ID]- [STATUS]- [MEASURE]-(-1) ms [DEF]-upload file 76/265
2018-01-18 23:43:43 [ INFO] com.iflytek.msp.cpdb.lfasr.event.EventHandler.isSendAll(EventHandler.java:183) - [COMPENT]-CLIENT [PROCESS]-EventHandler [ID]- [STATUS]- [MEASURE]-(-1) ms [DEF]-upload file 77/265
2018-01-18 23:43:44 [ INFO] com.iflytek.msp.cpdb.lfasr.event.EventHandler.isSendAll(EventHandler.java:183) - [COMPENT]-CLIENT [PROCESS]-EventHandler [ID]- [STATUS]- [MEASURE]-(-1) ms [DEF]-upload file 77/265
2018-01-18 23:43:44 [ INFO] com.iflytek.msp.cpdb.lfasr.event.EventHandler.isSendAll(EventHandler.java:183) - [COMPENT]-CLIENT [PROCESS]-EventHandler [ID]- [STATUS]- [MEASURE]-(-1) ms [DEF]-upload file 79/265
2018-01-18 23:43:45 [ INFO] com.iflytek.msp.cpdb.lfasr.event.EventHandler.isSendAll(EventHandler.java:183) - [COMPENT]-CLIENT [PROCESS]-EventHandler [ID]- [STATUS]- [MEASURE]-(-1) ms [DEF]-upload file 81/265
2018-01-18 23:43:45 [ INFO] com.iflytek.msp.cpdb.lfasr.event.EventHandler.isSendAll(EventHandler.java:183) - [COMPENT]-CLIENT [PROCESS]-EventHandler [ID]- [STATUS]- [MEASURE]-(-1) ms [DEF]-upload file 81/265
2018-01-18 23:43:46 [ INFO] com.iflytek.msp.cpdb.lfasr.event.EventHandler.isSendAll(EventHandler.java:183) - [COMPENT]-CLIENT [PROCESS]-EventHandler [ID]- [STATUS]- [MEASURE]-(-1) ms [DEF]-upload file 81/265
2018-01-18 23:43:46 [ INFO] com.iflytek.msp.cpdb.lfasr.event.EventHandler.isSendAll(EventHandler.java:183) - [COMPENT]-CLIENT [PROCESS]-EventHandler [ID]- [STATUS]- [MEASURE]-(-1) ms [DEF]-upload file 85/265
2018-01-18 23:43:47 [ INFO] com.iflytek.msp.cpdb.lfasr.event.EventHandler.isSendAll(EventHandler.java:183) - [COMPENT]-CLIENT [PROCESS]-EventHandler [ID]- [STATUS]- [MEASURE]-(-1) ms [DEF]-upload file 89/265
2018-01-18 23:43:47 [ INFO] com.iflytek.msp.cpdb.lfasr.event.EventHandler.isSendAll(EventHandler.java:183) - [COMPENT]-CLIENT [PROCESS]-EventHandler [ID]- [STATUS]- [MEASURE]-(-1) ms [DEF]-upload file 89/265
2018-01-18 23:43:48 [ INFO] com.iflytek.msp.cpdb.lfasr.event.EventHandler.isSendAll(EventHandler.java:183) - [COMPENT]-CLIENT [PROCESS]-EventHandler [ID]- [STATUS]- [MEASURE]-(-1) ms [DEF]-upload file 89/265
2018-01-18 23:43:48 [ INFO] com.iflytek.msp.cpdb.lfasr.event.EventHandler.isSendAll(EventHandler.java:183) - [COMPENT]-CLIENT [PROCESS]-EventHandler [ID]- [STATUS]- [MEASURE]-(-1) ms [DEF]-upload file 92/265
2018-01-18 23:43:49 [ INFO] com.iflytek.msp.cpdb.lfasr.event.EventHandler.isSendAll(EventHandler.java:183) - [COMPENT]-CLIENT [PROCESS]-EventHandler [ID]- [STATUS]- [MEASURE]-(-1) ms [DEF]-upload file 93/265
2018-01-18 23:43:49 [ INFO] com.iflytek.msp.cpdb.lfasr.event.EventHandler.isSendAll(EventHandler.java:183) - [COMPENT]-CLIENT [PROCESS]-EventHandler [ID]- [STATUS]- [MEASURE]-(-1) ms [DEF]-upload file 93/265
2018-01-18 23:43:50 [ INFO] com.iflytek.msp.cpdb.lfasr.event.EventHandler.isSendAll(EventHandler.java:183) - [COMPENT]-CLIENT [PROCESS]-EventHandler [ID]- [STATUS]- [MEASURE]-(-1) ms [DEF]-upload file 93/265
2018-01-18 23:43:50 [ INFO] com.iflytek.msp.cpdb.lfasr.event.EventHandler.isSendAll(EventHandler.java:183) - [COMPENT]-CLIENT [PROCESS]-EventHandler [ID]- [STATUS]- [MEASURE]-(-1) ms [DEF]-upload file 95/265
2018-01-18 23:43:51 [ INFO] com.iflytek.msp.cpdb.lfasr.event.EventHandler.isSendAll(EventHandler.java:183) - [COMPENT]-CLIENT [PROCESS]-EventHandler [ID]- [STATUS]- [MEASURE]-(-1) ms [DEF]-upload file 97/265
2018-01-18 23:43:51 [ INFO] com.iflytek.msp.cpdb.lfasr.event.EventHandler.isSendAll(EventHandler.java:183) - [COMPENT]-CLIENT [PROCESS]-EventHandler [ID]- [STATUS]- [MEASURE]-(-1) ms [DEF]-upload file 98/265
2018-01-18 23:43:52 [ INFO] com.iflytek.msp.cpdb.lfasr.event.EventHandler.isSendAll(EventHandler.java:183) - [COMPENT]-CLIENT [PROCESS]-EventHandler [ID]- [STATUS]- [MEASURE]-(-1) ms [DEF]-upload file 99/265
2018-01-18 23:43:52 [ INFO] com.iflytek.msp.cpdb.lfasr.event.EventHandler.isSendAll(EventHandler.java:183) - [COMPENT]-CLIENT [PROCESS]-EventHandler [ID]- [STATUS]- [MEASURE]-(-1) ms [DEF]-upload file 101/265
2018-01-18 23:43:53 [ INFO] com.iflytek.msp.cpdb.lfasr.event.EventHandler.isSendAll(EventHandler.java:183) - [COMPENT]-CLIENT [PROCESS]-EventHandler [ID]- [STATUS]- [MEASURE]-(-1) ms [DEF]-upload file 104/265
2018-01-18 23:43:53 [ INFO] com.iflytek.msp.cpdb.lfasr.event.EventHandler.isSendAll(EventHandler.java:183) - [COMPENT]-CLIENT [PROCESS]-EventHandler [ID]- [STATUS]- [MEASURE]-(-1) ms [DEF]-upload file 106/265
2018-01-18 23:43:54 [ INFO] com.iflytek.msp.cpdb.lfasr.event.EventHandler.isSendAll(EventHandler.java:183) - [COMPENT]-CLIENT [PROCESS]-EventHandler [ID]- [STATUS]- [MEASURE]-(-1) ms [DEF]-upload file 107/265
2018-01-18 23:43:54 [ INFO] com.iflytek.msp.cpdb.lfasr.event.EventHandler.isSendAll(EventHandler.java:183) - [COMPENT]-CLIENT [PROCESS]-EventHandler [ID]- [STATUS]- [MEASURE]-(-1) ms [DEF]-upload file 109/265
2018-01-18 23:43:55 [ INFO] com.iflytek.msp.cpdb.lfasr.event.EventHandler.isSendAll(EventHandler.java:183) - [COMPENT]-CLIENT [PROCESS]-EventHandler [ID]- [STATUS]- [MEASURE]-(-1) ms [DEF]-upload file 109/265
2018-01-18 23:43:55 [ INFO] com.iflytek.msp.cpdb.lfasr.event.EventHandler.isSendAll(EventHandler.java:183) - [COMPENT]-CLIENT [PROCESS]-EventHandler [ID]- [STATUS]- [MEASURE]-(-1) ms [DEF]-upload file 109/265
2018-01-18 23:43:56 [ INFO] com.iflytek.msp.cpdb.lfasr.event.EventHandler.isSendAll(EventHandler.java:183) - [COMPENT]-CLIENT [PROCESS]-EventHandler [ID]- [STATUS]- [MEASURE]-(-1) ms [DEF]-upload file 111/265
2018-01-18 23:43:56 [ INFO] com.iflytek.msp.cpdb.lfasr.event.EventHandler.isSendAll(EventHandler.java:183) - [COMPENT]-CLIENT [PROCESS]-EventHandler [ID]- [STATUS]- [MEASURE]-(-1) ms [DEF]-upload file 112/265
2018-01-18 23:43:57 [ INFO] com.iflytek.msp.cpdb.lfasr.event.EventHandler.isSendAll(EventHandler.java:183) - [COMPENT]-CLIENT [PROCESS]-EventHandler [ID]- [STATUS]- [MEASURE]-(-1) ms [DEF]-upload file 112/265
2018-01-18 23:43:57 [ INFO] com.iflytek.msp.cpdb.lfasr.event.EventHandler.isSendAll(EventHandler.java:183) - [COMPENT]-CLIENT [PROCESS]-EventHandler [ID]- [STATUS]- [MEASURE]-(-1) ms [DEF]-upload file 120/265
2018-01-18 23:43:58 [ INFO] com.iflytek.msp.cpdb.lfasr.event.EventHandler.isSendAll(EventHandler.java:183) - [COMPENT]-CLIENT [PROCESS]-EventHandler [ID]- [STATUS]- [MEASURE]-(-1) ms [DEF]-upload file 120/265
2018-01-18 23:43:58 [ INFO] com.iflytek.msp.cpdb.lfasr.event.EventHandler.isSendAll(EventHandler.java:183) - [COMPENT]-CLIENT [PROCESS]-EventHandler [ID]- [STATUS]- [MEASURE]-(-1) ms [DEF]-upload file 120/265
2018-01-18 23:43:59 [ INFO] com.iflytek.msp.cpdb.lfasr.event.EventHandler.isSendAll(EventHandler.java:183) - [COMPENT]-CLIENT [PROCESS]-EventHandler [ID]- [STATUS]- [MEASURE]-(-1) ms [DEF]-upload file 120/265
2018-01-18 23:43:59 [ INFO] com.iflytek.msp.cpdb.lfasr.event.EventHandler.isSendAll(EventHandler.java:183) - [COMPENT]-CLIENT [PROCESS]-EventHandler [ID]- [STATUS]- [MEASURE]-(-1) ms [DEF]-upload file 120/265
2018-01-18 23:44:00 [ INFO] com.iflytek.msp.cpdb.lfasr.event.EventHandler.isSendAll(EventHandler.java:183) - [COMPENT]-CLIENT [PROCESS]-EventHandler [ID]- [STATUS]- [MEASURE]-(-1) ms [DEF]-upload file 123/265
2018-01-18 23:44:00 [ INFO] com.iflytek.msp.cpdb.lfasr.event.EventHandler.isSendAll(EventHandler.java:183) - [COMPENT]-CLIENT [PROCESS]-EventHandler [ID]- [STATUS]- [MEASURE]-(-1) ms [DEF]-upload file 123/265
2018-01-18 23:44:01 [ INFO] com.iflytek.msp.cpdb.lfasr.event.EventHandler.isSendAll(EventHandler.java:183) - [COMPENT]-CLIENT [PROCESS]-EventHandler [ID]- [STATUS]- [MEASURE]-(-1) ms [DEF]-upload file 123/265
2018-01-18 23:44:01 [ INFO] com.iflytek.msp.cpdb.lfasr.event.EventHandler.isSendAll(EventHandler.java:183) - [COMPENT]-CLIENT [PROCESS]-EventHandler [ID]- [STATUS]- [MEASURE]-(-1) ms [DEF]-upload file 123/265
2018-01-18 23:44:02 [ INFO] com.iflytek.msp.cpdb.lfasr.event.EventHandler.isSendAll(EventHandler.java:183) - [COMPENT]-CLIENT [PROCESS]-EventHandler [ID]- [STATUS]- [MEASURE]-(-1) ms [DEF]-upload file 132/265
2018-01-18 23:44:02 [ INFO] com.iflytek.msp.cpdb.lfasr.event.EventHandler.isSendAll(EventHandler.java:183) - [COMPENT]-CLIENT [PROCESS]-EventHandler [ID]- [STATUS]- [MEASURE]-(-1) ms [DEF]-upload file 132/265
2018-01-18 23:44:03 [ INFO] com.iflytek.msp.cpdb.lfasr.event.EventHandler.isSendAll(EventHandler.java:183) - [COMPENT]-CLIENT [PROCESS]-EventHandler [ID]- [STATUS]- [MEASURE]-(-1) ms [DEF]-upload file 132/265
2018-01-18 23:44:03 [ INFO] com.iflytek.msp.cpdb.lfasr.event.EventHandler.isSendAll(EventHandler.java:183) - [COMPENT]-CLIENT [PROCESS]-EventHandler [ID]- [STATUS]- [MEASURE]-(-1) ms [DEF]-upload file 136/265
2018-01-18 23:44:04 [ INFO] com.iflytek.msp.cpdb.lfasr.event.EventHandler.isSendAll(EventHandler.java:183) - [COMPENT]-CLIENT [PROCESS]-EventHandler [ID]- [STATUS]- [MEASURE]-(-1) ms [DEF]-upload file 136/265
2018-01-18 23:44:04 [ INFO] com.iflytek.msp.cpdb.lfasr.event.EventHandler.isSendAll(EventHandler.java:183) - [COMPENT]-CLIENT [PROCESS]-EventHandler [ID]- [STATUS]- [MEASURE]-(-1) ms [DEF]-upload file 136/265
2018-01-18 23:44:05 [ INFO] com.iflytek.msp.cpdb.lfasr.event.EventHandler.isSendAll(EventHandler.java:183) - [COMPENT]-CLIENT [PROCESS]-EventHandler [ID]- [STATUS]- [MEASURE]-(-1) ms [DEF]-upload file 136/265
2018-01-18 23:44:05 [ INFO] com.iflytek.msp.cpdb.lfasr.event.EventHandler.isSendAll(EventHandler.java:183) - [COMPENT]-CLIENT [PROCESS]-EventHandler [ID]- [STATUS]- [MEASURE]-(-1) ms [DEF]-upload file 141/265
2018-01-18 23:44:06 [ INFO] com.iflytek.msp.cpdb.lfasr.event.EventHandler.isSendAll(EventHandler.java:183) - [COMPENT]-CLIENT [PROCESS]-EventHandler [ID]- [STATUS]- [MEASURE]-(-1) ms [DEF]-upload file 142/265
2018-01-18 23:44:06 [ INFO] com.iflytek.msp.cpdb.lfasr.event.EventHandler.isSendAll(EventHandler.java:183) - [COMPENT]-CLIENT [PROCESS]-EventHandler [ID]- [STATUS]- [MEASURE]-(-1) ms [DEF]-upload file 143/265
2018-01-18 23:44:07 [ INFO] com.iflytek.msp.cpdb.lfasr.event.EventHandler.isSendAll(EventHandler.java:183) - [COMPENT]-CLIENT [PROCESS]-EventHandler [ID]- [STATUS]- [MEASURE]-(-1) ms [DEF]-upload file 143/265
2018-01-18 23:44:07 [ INFO] com.iflytek.msp.cpdb.lfasr.event.EventHandler.isSendAll(EventHandler.java:183) - [COMPENT]-CLIENT [PROCESS]-EventHandler [ID]- [STATUS]- [MEASURE]-(-1) ms [DEF]-upload file 144/265
2018-01-18 23:44:08 [ INFO] com.iflytek.msp.cpdb.lfasr.event.EventHandler.isSendAll(EventHandler.java:183) - [COMPENT]-CLIENT [PROCESS]-EventHandler [ID]- [STATUS]- [MEASURE]-(-1) ms [DEF]-upload file 146/265
2018-01-18 23:44:09 [ INFO] com.iflytek.msp.cpdb.lfasr.event.EventHandler.isSendAll(EventHandler.java:183) - [COMPENT]-CLIENT [PROCESS]-EventHandler [ID]- [STATUS]- [MEASURE]-(-1) ms [DEF]-upload file 147/265
2018-01-18 23:44:09 [ INFO] com.iflytek.msp.cpdb.lfasr.event.EventHandler.isSendAll(EventHandler.java:183) - [COMPENT]-CLIENT [PROCESS]-EventHandler [ID]- [STATUS]- [MEASURE]-(-1) ms [DEF]-upload file 148/265
2018-01-18 23:44:10 [ INFO] com.iflytek.msp.cpdb.lfasr.event.EventHandler.isSendAll(EventHandler.java:183) - [COMPENT]-CLIENT [PROCESS]-EventHandler [ID]- [STATUS]- [MEASURE]-(-1) ms [DEF]-upload file 150/265
2018-01-18 23:44:10 [ INFO] com.iflytek.msp.cpdb.lfasr.event.EventHandler.isSendAll(EventHandler.java:183) - [COMPENT]-CLIENT [PROCESS]-EventHandler [ID]- [STATUS]- [MEASURE]-(-1) ms [DEF]-upload file 153/265
2018-01-18 23:44:11 [ INFO] com.iflytek.msp.cpdb.lfasr.event.EventHandler.isSendAll(EventHandler.java:183) - [COMPENT]-CLIENT [PROCESS]-EventHandler [ID]- [STATUS]- [MEASURE]-(-1) ms [DEF]-upload file 155/265
2018-01-18 23:44:11 [ INFO] com.iflytek.msp.cpdb.lfasr.event.EventHandler.isSendAll(EventHandler.java:183) - [COMPENT]-CLIENT [PROCESS]-EventHandler [ID]- [STATUS]- [MEASURE]-(-1) ms [DEF]-upload file 155/265
2018-01-18 23:44:12 [ INFO] com.iflytek.msp.cpdb.lfasr.event.EventHandler.isSendAll(EventHandler.java:183) - [COMPENT]-CLIENT [PROCESS]-EventHandler [ID]- [STATUS]- [MEASURE]-(-1) ms [DEF]-upload file 155/265
2018-01-18 23:44:12 [ INFO] com.iflytek.msp.cpdb.lfasr.event.EventHandler.isSendAll(EventHandler.java:183) - [COMPENT]-CLIENT [PROCESS]-EventHandler [ID]- [STATUS]- [MEASURE]-(-1) ms [DEF]-upload file 156/265
2018-01-18 23:44:13 [ INFO] com.iflytek.msp.cpdb.lfasr.event.EventHandler.isSendAll(EventHandler.java:183) - [COMPENT]-CLIENT [PROCESS]-EventHandler [ID]- [STATUS]- [MEASURE]-(-1) ms [DEF]-upload file 156/265
2018-01-18 23:44:13 [ INFO] com.iflytek.msp.cpdb.lfasr.event.EventHandler.isSendAll(EventHandler.java:183) - [COMPENT]-CLIENT [PROCESS]-EventHandler [ID]- [STATUS]- [MEASURE]-(-1) ms [DEF]-upload file 161/265
2018-01-18 23:44:14 [ INFO] com.iflytek.msp.cpdb.lfasr.event.EventHandler.isSendAll(EventHandler.java:183) - [COMPENT]-CLIENT [PROCESS]-EventHandler [ID]- [STATUS]- [MEASURE]-(-1) ms [DEF]-upload file 162/265
2018-01-18 23:44:14 [ INFO] com.iflytek.msp.cpdb.lfasr.event.EventHandler.isSendAll(EventHandler.java:183) - [COMPENT]-CLIENT [PROCESS]-EventHandler [ID]- [STATUS]- [MEASURE]-(-1) ms [DEF]-upload file 164/265
2018-01-18 23:44:15 [ INFO] com.iflytek.msp.cpdb.lfasr.event.EventHandler.isSendAll(EventHandler.java:183) - [COMPENT]-CLIENT [PROCESS]-EventHandler [ID]- [STATUS]- [MEASURE]-(-1) ms [DEF]-upload file 166/265
2018-01-18 23:44:15 [ INFO] com.iflytek.msp.cpdb.lfasr.event.EventHandler.isSendAll(EventHandler.java:183) - [COMPENT]-CLIENT [PROCESS]-EventHandler [ID]- [STATUS]- [MEASURE]-(-1) ms [DEF]-upload file 167/265
2018-01-18 23:44:16 [ INFO] com.iflytek.msp.cpdb.lfasr.event.EventHandler.isSendAll(EventHandler.java:183) - [COMPENT]-CLIENT [PROCESS]-EventHandler [ID]- [STATUS]- [MEASURE]-(-1) ms [DEF]-upload file 167/265
2018-01-18 23:44:16 [ INFO] com.iflytek.msp.cpdb.lfasr.event.EventHandler.isSendAll(EventHandler.java:183) - [COMPENT]-CLIENT [PROCESS]-EventHandler [ID]- [STATUS]- [MEASURE]-(-1) ms [DEF]-upload file 168/265
2018-01-18 23:44:17 [ INFO] com.iflytek.msp.cpdb.lfasr.event.EventHandler.isSendAll(EventHandler.java:183) - [COMPENT]-CLIENT [PROCESS]-EventHandler [ID]- [STATUS]- [MEASURE]-(-1) ms [DEF]-upload file 169/265
2018-01-18 23:44:17 [ INFO] com.iflytek.msp.cpdb.lfasr.event.EventHandler.isSendAll(EventHandler.java:183) - [COMPENT]-CLIENT [PROCESS]-EventHandler [ID]- [STATUS]- [MEASURE]-(-1) ms [DEF]-upload file 169/265
2018-01-18 23:44:18 [ INFO] com.iflytek.msp.cpdb.lfasr.event.EventHandler.isSendAll(EventHandler.java:183) - [COMPENT]-CLIENT [PROCESS]-EventHandler [ID]- [STATUS]- [MEASURE]-(-1) ms [DEF]-upload file 175/265
2018-01-18 23:44:18 [ INFO] com.iflytek.msp.cpdb.lfasr.event.EventHandler.isSendAll(EventHandler.java:183) - [COMPENT]-CLIENT [PROCESS]-EventHandler [ID]- [STATUS]- [MEASURE]-(-1) ms [DEF]-upload file 176/265
2018-01-18 23:44:19 [ INFO] com.iflytek.msp.cpdb.lfasr.event.EventHandler.isSendAll(EventHandler.java:183) - [COMPENT]-CLIENT [PROCESS]-EventHandler [ID]- [STATUS]- [MEASURE]-(-1) ms [DEF]-upload file 176/265
2018-01-18 23:44:19 [ INFO] com.iflytek.msp.cpdb.lfasr.event.EventHandler.isSendAll(EventHandler.java:183) - [COMPENT]-CLIENT [PROCESS]-EventHandler [ID]- [STATUS]- [MEASURE]-(-1) ms [DEF]-upload file 176/265
2018-01-18 23:44:20 [ INFO] com.iflytek.msp.cpdb.lfasr.event.EventHandler.isSendAll(EventHandler.java:183) - [COMPENT]-CLIENT [PROCESS]-EventHandler [ID]- [STATUS]- [MEASURE]-(-1) ms [DEF]-upload file 179/265
2018-01-18 23:44:20 [ INFO] com.iflytek.msp.cpdb.lfasr.event.EventHandler.isSendAll(EventHandler.java:183) - [COMPENT]-CLIENT [PROCESS]-EventHandler [ID]- [STATUS]- [MEASURE]-(-1) ms [DEF]-upload file 180/265
2018-01-18 23:44:21 [ INFO] com.iflytek.msp.cpdb.lfasr.event.EventHandler.isSendAll(EventHandler.java:183) - [COMPENT]-CLIENT [PROCESS]-EventHandler [ID]- [STATUS]- [MEASURE]-(-1) ms [DEF]-upload file 180/265
2018-01-18 23:44:21 [ INFO] com.iflytek.msp.cpdb.lfasr.event.EventHandler.isSendAll(EventHandler.java:183) - [COMPENT]-CLIENT [PROCESS]-EventHandler [ID]- [STATUS]- [MEASURE]-(-1) ms [DEF]-upload file 184/265
2018-01-18 23:44:22 [ INFO] com.iflytek.msp.cpdb.lfasr.event.EventHandler.isSendAll(EventHandler.java:183) - [COMPENT]-CLIENT [PROCESS]-EventHandler [ID]- [STATUS]- [MEASURE]-(-1) ms [DEF]-upload file 187/265
2018-01-18 23:44:22 [ INFO] com.iflytek.msp.cpdb.lfasr.event.EventHandler.isSendAll(EventHandler.java:183) - [COMPENT]-CLIENT [PROCESS]-EventHandler [ID]- [STATUS]- [MEASURE]-(-1) ms [DEF]-upload file 187/265
2018-01-18 23:44:23 [ INFO] com.iflytek.msp.cpdb.lfasr.event.EventHandler.isSendAll(EventHandler.java:183) - [COMPENT]-CLIENT [PROCESS]-EventHandler [ID]- [STATUS]- [MEASURE]-(-1) ms [DEF]-upload file 188/265
2018-01-18 23:44:23 [ INFO] com.iflytek.msp.cpdb.lfasr.event.EventHandler.isSendAll(EventHandler.java:183) - [COMPENT]-CLIENT [PROCESS]-EventHandler [ID]- [STATUS]- [MEASURE]-(-1) ms [DEF]-upload file 189/265
2018-01-18 23:44:24 [ INFO] com.iflytek.msp.cpdb.lfasr.event.EventHandler.isSendAll(EventHandler.java:183) - [COMPENT]-CLIENT [PROCESS]-EventHandler [ID]- [STATUS]- [MEASURE]-(-1) ms [DEF]-upload file 190/265
2018-01-18 23:44:24 [ INFO] com.iflytek.msp.cpdb.lfasr.event.EventHandler.isSendAll(EventHandler.java:183) - [COMPENT]-CLIENT [PROCESS]-EventHandler [ID]- [STATUS]- [MEASURE]-(-1) ms [DEF]-upload file 192/265
2018-01-18 23:44:25 [ INFO] com.iflytek.msp.cpdb.lfasr.event.EventHandler.isSendAll(EventHandler.java:183) - [COMPENT]-CLIENT [PROCESS]-EventHandler [ID]- [STATUS]- [MEASURE]-(-1) ms [DEF]-upload file 192/265
2018-01-18 23:44:25 [ INFO] com.iflytek.msp.cpdb.lfasr.event.EventHandler.isSendAll(EventHandler.java:183) - [COMPENT]-CLIENT [PROCESS]-EventHandler [ID]- [STATUS]- [MEASURE]-(-1) ms [DEF]-upload file 194/265
2018-01-18 23:44:26 [ INFO] com.iflytek.msp.cpdb.lfasr.event.EventHandler.isSendAll(EventHandler.java:183) - [COMPENT]-CLIENT [PROCESS]-EventHandler [ID]- [STATUS]- [MEASURE]-(-1) ms [DEF]-upload file 194/265
2018-01-18 23:44:26 [ INFO] com.iflytek.msp.cpdb.lfasr.event.EventHandler.isSendAll(EventHandler.java:183) - [COMPENT]-CLIENT [PROCESS]-EventHandler [ID]- [STATUS]- [MEASURE]-(-1) ms [DEF]-upload file 194/265
2018-01-18 23:44:27 [ INFO] com.iflytek.msp.cpdb.lfasr.event.EventHandler.isSendAll(EventHandler.java:183) - [COMPENT]-CLIENT [PROCESS]-EventHandler [ID]- [STATUS]- [MEASURE]-(-1) ms [DEF]-upload file 202/265
2018-01-18 23:44:27 [ INFO] com.iflytek.msp.cpdb.lfasr.event.EventHandler.isSendAll(EventHandler.java:183) - [COMPENT]-CLIENT [PROCESS]-EventHandler [ID]- [STATUS]- [MEASURE]-(-1) ms [DEF]-upload file 202/265
2018-01-18 23:44:28 [ INFO] com.iflytek.msp.cpdb.lfasr.event.EventHandler.isSendAll(EventHandler.java:183) - [COMPENT]-CLIENT [PROCESS]-EventHandler [ID]- [STATUS]- [MEASURE]-(-1) ms [DEF]-upload file 203/265
2018-01-18 23:44:28 [ INFO] com.iflytek.msp.cpdb.lfasr.event.EventHandler.isSendAll(EventHandler.java:183) - [COMPENT]-CLIENT [PROCESS]-EventHandler [ID]- [STATUS]- [MEASURE]-(-1) ms [DEF]-upload file 204/265
2018-01-18 23:44:29 [ INFO] com.iflytek.msp.cpdb.lfasr.event.EventHandler.isSendAll(EventHandler.java:183) - [COMPENT]-CLIENT [PROCESS]-EventHandler [ID]- [STATUS]- [MEASURE]-(-1) ms [DEF]-upload file 205/265
2018-01-18 23:44:29 [ INFO] com.iflytek.msp.cpdb.lfasr.event.EventHandler.isSendAll(EventHandler.java:183) - [COMPENT]-CLIENT [PROCESS]-EventHandler [ID]- [STATUS]- [MEASURE]-(-1) ms [DEF]-upload file 206/265
2018-01-18 23:44:30 [ INFO] com.iflytek.msp.cpdb.lfasr.event.EventHandler.isSendAll(EventHandler.java:183) - [COMPENT]-CLIENT [PROCESS]-EventHandler [ID]- [STATUS]- [MEASURE]-(-1) ms [DEF]-upload file 207/265
2018-01-18 23:44:30 [ INFO] com.iflytek.msp.cpdb.lfasr.event.EventHandler.isSendAll(EventHandler.java:183) - [COMPENT]-CLIENT [PROCESS]-EventHandler [ID]- [STATUS]- [MEASURE]-(-1) ms [DEF]-upload file 209/265
2018-01-18 23:44:31 [ INFO] com.iflytek.msp.cpdb.lfasr.event.EventHandler.isSendAll(EventHandler.java:183) - [COMPENT]-CLIENT [PROCESS]-EventHandler [ID]- [STATUS]- [MEASURE]-(-1) ms [DEF]-upload file 211/265
2018-01-18 23:44:31 [ INFO] com.iflytek.msp.cpdb.lfasr.event.EventHandler.isSendAll(EventHandler.java:183) - [COMPENT]-CLIENT [PROCESS]-EventHandler [ID]- [STATUS]- [MEASURE]-(-1) ms [DEF]-upload file 211/265
2018-01-18 23:44:32 [ INFO] com.iflytek.msp.cpdb.lfasr.event.EventHandler.isSendAll(EventHandler.java:183) - [COMPENT]-CLIENT [PROCESS]-EventHandler [ID]- [STATUS]- [MEASURE]-(-1) ms [DEF]-upload file 212/265
2018-01-18 23:44:32 [ INFO] com.iflytek.msp.cpdb.lfasr.event.EventHandler.isSendAll(EventHandler.java:183) - [COMPENT]-CLIENT [PROCESS]-EventHandler [ID]- [STATUS]- [MEASURE]-(-1) ms [DEF]-upload file 212/265
2018-01-18 23:44:33 [ INFO] com.iflytek.msp.cpdb.lfasr.event.EventHandler.isSendAll(EventHandler.java:183) - [COMPENT]-CLIENT [PROCESS]-EventHandler [ID]- [STATUS]- [MEASURE]-(-1) ms [DEF]-upload file 217/265
2018-01-18 23:44:33 [ INFO] com.iflytek.msp.cpdb.lfasr.event.EventHandler.isSendAll(EventHandler.java:183) - [COMPENT]-CLIENT [PROCESS]-EventHandler [ID]- [STATUS]- [MEASURE]-(-1) ms [DEF]-upload file 217/265
2018-01-18 23:44:34 [ INFO] com.iflytek.msp.cpdb.lfasr.event.EventHandler.isSendAll(EventHandler.java:183) - [COMPENT]-CLIENT [PROCESS]-EventHandler [ID]- [STATUS]- [MEASURE]-(-1) ms [DEF]-upload file 220/265
2018-01-18 23:44:34 [ INFO] com.iflytek.msp.cpdb.lfasr.event.EventHandler.isSendAll(EventHandler.java:183) - [COMPENT]-CLIENT [PROCESS]-EventHandler [ID]- [STATUS]- [MEASURE]-(-1) ms [DEF]-upload file 221/265
2018-01-18 23:44:35 [ INFO] com.iflytek.msp.cpdb.lfasr.event.EventHandler.isSendAll(EventHandler.java:183) - [COMPENT]-CLIENT [PROCESS]-EventHandler [ID]- [STATUS]- [MEASURE]-(-1) ms [DEF]-upload file 222/265
2018-01-18 23:44:35 [ INFO] com.iflytek.msp.cpdb.lfasr.event.EventHandler.isSendAll(EventHandler.java:183) - [COMPENT]-CLIENT [PROCESS]-EventHandler [ID]- [STATUS]- [MEASURE]-(-1) ms [DEF]-upload file 222/265
2018-01-18 23:44:36 [ INFO] com.iflytek.msp.cpdb.lfasr.event.EventHandler.isSendAll(EventHandler.java:183) - [COMPENT]-CLIENT [PROCESS]-EventHandler [ID]- [STATUS]- [MEASURE]-(-1) ms [DEF]-upload file 226/265
2018-01-18 23:44:36 [ INFO] com.iflytek.msp.cpdb.lfasr.event.EventHandler.isSendAll(EventHandler.java:183) - [COMPENT]-CLIENT [PROCESS]-EventHandler [ID]- [STATUS]- [MEASURE]-(-1) ms [DEF]-upload file 227/265
2018-01-18 23:44:37 [ INFO] com.iflytek.msp.cpdb.lfasr.event.EventHandler.isSendAll(EventHandler.java:183) - [COMPENT]-CLIENT [PROCESS]-EventHandler [ID]- [STATUS]- [MEASURE]-(-1) ms [DEF]-upload file 227/265
2018-01-18 23:44:37 [ INFO] com.iflytek.msp.cpdb.lfasr.event.EventHandler.isSendAll(EventHandler.java:183) - [COMPENT]-CLIENT [PROCESS]-EventHandler [ID]- [STATUS]- [MEASURE]-(-1) ms [DEF]-upload file 230/265
2018-01-18 23:44:38 [ INFO] com.iflytek.msp.cpdb.lfasr.event.EventHandler.isSendAll(EventHandler.java:183) - [COMPENT]-CLIENT [PROCESS]-EventHandler [ID]- [STATUS]- [MEASURE]-(-1) ms [DEF]-upload file 231/265
2018-01-18 23:44:38 [ INFO] com.iflytek.msp.cpdb.lfasr.event.EventHandler.isSendAll(EventHandler.java:183) - [COMPENT]-CLIENT [PROCESS]-EventHandler [ID]- [STATUS]- [MEASURE]-(-1) ms [DEF]-upload file 232/265
2018-01-18 23:44:39 [ INFO] com.iflytek.msp.cpdb.lfasr.event.EventHandler.isSendAll(EventHandler.java:183) - [COMPENT]-CLIENT [PROCESS]-EventHandler [ID]- [STATUS]- [MEASURE]-(-1) ms [DEF]-upload file 233/265
2018-01-18 23:44:39 [ INFO] com.iflytek.msp.cpdb.lfasr.event.EventHandler.isSendAll(EventHandler.java:183) - [COMPENT]-CLIENT [PROCESS]-EventHandler [ID]- [STATUS]- [MEASURE]-(-1) ms [DEF]-upload file 234/265
2018-01-18 23:44:40 [ INFO] com.iflytek.msp.cpdb.lfasr.event.EventHandler.isSendAll(EventHandler.java:183) - [COMPENT]-CLIENT [PROCESS]-EventHandler [ID]- [STATUS]- [MEASURE]-(-1) ms [DEF]-upload file 234/265
2018-01-18 23:44:40 [ INFO] com.iflytek.msp.cpdb.lfasr.event.EventHandler.isSendAll(EventHandler.java:183) - [COMPENT]-CLIENT [PROCESS]-EventHandler [ID]- [STATUS]- [MEASURE]-(-1) ms [DEF]-upload file 239/265
2018-01-18 23:44:41 [ INFO] com.iflytek.msp.cpdb.lfasr.event.EventHandler.isSendAll(EventHandler.java:183) - [COMPENT]-CLIENT [PROCESS]-EventHandler [ID]- [STATUS]- [MEASURE]-(-1) ms [DEF]-upload file 241/265
2018-01-18 23:44:41 [ INFO] com.iflytek.msp.cpdb.lfasr.event.EventHandler.isSendAll(EventHandler.java:183) - [COMPENT]-CLIENT [PROCESS]-EventHandler [ID]- [STATUS]- [MEASURE]-(-1) ms [DEF]-upload file 242/265
2018-01-18 23:44:42 [ INFO] com.iflytek.msp.cpdb.lfasr.event.EventHandler.isSendAll(EventHandler.java:183) - [COMPENT]-CLIENT [PROCESS]-EventHandler [ID]- [STATUS]- [MEASURE]-(-1) ms [DEF]-upload file 242/265
2018-01-18 23:44:42 [ INFO] com.iflytek.msp.cpdb.lfasr.event.EventHandler.isSendAll(EventHandler.java:183) - [COMPENT]-CLIENT [PROCESS]-EventHandler [ID]- [STATUS]- [MEASURE]-(-1) ms [DEF]-upload file 243/265
2018-01-18 23:44:43 [ INFO] com.iflytek.msp.cpdb.lfasr.event.EventHandler.isSendAll(EventHandler.java:183) - [COMPENT]-CLIENT [PROCESS]-EventHandler [ID]- [STATUS]- [MEASURE]-(-1) ms [DEF]-upload file 244/265
2018-01-18 23:44:43 [ INFO] com.iflytek.msp.cpdb.lfasr.event.EventHandler.isSendAll(EventHandler.java:183) - [COMPENT]-CLIENT [PROCESS]-EventHandler [ID]- [STATUS]- [MEASURE]-(-1) ms [DEF]-upload file 245/265
2018-01-18 23:44:44 [ INFO] com.iflytek.msp.cpdb.lfasr.event.EventHandler.isSendAll(EventHandler.java:183) - [COMPENT]-CLIENT [PROCESS]-EventHandler [ID]- [STATUS]- [MEASURE]-(-1) ms [DEF]-upload file 246/265
2018-01-18 23:44:44 [ INFO] com.iflytek.msp.cpdb.lfasr.event.EventHandler.isSendAll(EventHandler.java:183) - [COMPENT]-CLIENT [PROCESS]-EventHandler [ID]- [STATUS]- [MEASURE]-(-1) ms [DEF]-upload file 250/265
2018-01-18 23:44:45 [ INFO] com.iflytek.msp.cpdb.lfasr.event.EventHandler.isSendAll(EventHandler.java:183) - [COMPENT]-CLIENT [PROCESS]-EventHandler [ID]- [STATUS]- [MEASURE]-(-1) ms [DEF]-upload file 251/265
2018-01-18 23:44:45 [ INFO] com.iflytek.msp.cpdb.lfasr.event.EventHandler.isSendAll(EventHandler.java:183) - [COMPENT]-CLIENT [PROCESS]-EventHandler [ID]- [STATUS]- [MEASURE]-(-1) ms [DEF]-upload file 252/265
2018-01-18 23:44:46 [ INFO] com.iflytek.msp.cpdb.lfasr.event.EventHandler.isSendAll(EventHandler.java:183) - [COMPENT]-CLIENT [PROCESS]-EventHandler [ID]- [STATUS]- [MEASURE]-(-1) ms [DEF]-upload file 254/265
2018-01-18 23:44:46 [ INFO] com.iflytek.msp.cpdb.lfasr.event.EventHandler.isSendAll(EventHandler.java:183) - [COMPENT]-CLIENT [PROCESS]-EventHandler [ID]- [STATUS]- [MEASURE]-(-1) ms [DEF]-upload file 255/265
2018-01-18 23:44:47 [ INFO] com.iflytek.msp.cpdb.lfasr.event.EventHandler.isSendAll(EventHandler.java:183) - [COMPENT]-CLIENT [PROCESS]-EventHandler [ID]- [STATUS]- [MEASURE]-(-1) ms [DEF]-upload file 255/265
2018-01-18 23:44:47 [ INFO] com.iflytek.msp.cpdb.lfasr.event.EventHandler.isSendAll(EventHandler.java:183) - [COMPENT]-CLIENT [PROCESS]-EventHandler [ID]- [STATUS]- [MEASURE]-(-1) ms [DEF]-upload file 255/265
2018-01-18 23:44:48 [ INFO] com.iflytek.msp.cpdb.lfasr.event.EventHandler.isSendAll(EventHandler.java:183) - [COMPENT]-CLIENT [PROCESS]-EventHandler [ID]- [STATUS]- [MEASURE]-(-1) ms [DEF]-upload file 255/265
2018-01-18 23:44:48 [ INFO] com.iflytek.msp.cpdb.lfasr.event.EventHandler.isSendAll(EventHandler.java:183) - [COMPENT]-CLIENT [PROCESS]-EventHandler [ID]- [STATUS]- [MEASURE]-(-1) ms [DEF]-upload file 265/265
2018-01-18 23:44:48 [ INFO] com.iflytek.msp.cpdb.lfasr.worker.UploadThread.run(UploadThread.java:43) - [COMPENT]-CLIENT [PROCESS]-UploadThread [ID]-7ac90010eee3425983475077d3792d66 [STATUS]- [MEASURE]-(-1) ms [DEF]-upload file send success, file:/Users/franer/Desktop/180116丛聪2.MP3, task_id:7ac90010eee3425983475077d3792d66
2018-01-18 23:44:51 [ INFO] com.iflytek.msp.cpdb.lfasr.event.EventHandler$ProcessorThread.run(EventHandler.java:137) - [COMPENT]-CLIENT [PROCESS]-EventHandler [ID]-7ac90010eee3425983475077d3792d66 [STATUS]- [MEASURE]-(-1) ms [DEF]-send meger success
